
PyDock3
  A set of tools for protein-protein docking
  Version 3.4.0_dna

[pyDock3] INFO: Running pyDockSER...
[scoring] INFO: Reading pdb files...
[scoring] INFO: Reading receptor file with hydrogens...
[scoring] INFO: Done.
[scoring] INFO: Reading ligand file with hydrogens...
[scoring] INFO: Done.
[scoring] INFO: Calculating solvation of unbound receptor.
[scoring] INFO: Calculating solvation of unbound ligand.
[scoring] INFO: Assigning charges...
[scoring] INFO: Done.
[scoring] INFO: Calculating van der Waals terms
[scoring] INFO: Done.
[scoring] INFO: Conformation 1 done.
[scoring] INFO: Conformation 2 done.
[scoring] INFO: Conformation 3 done.
[scoring] INFO: Conformation 4 done.
[scoring] INFO: Conformation 5 done.
[scoring] INFO: Conformation 6 done.
[scoring] INFO: Conformation 7 done.
[scoring] INFO: Conformation 8 done.
[scoring] INFO: Conformation 9 done.
[scoring] INFO: Conformation 10 done.
[scoring] INFO: Conformation 11 done.
[scoring] INFO: Conformation 12 done.
[scoring] INFO: Conformation 13 done.
[scoring] INFO: Conformation 14 done.
[scoring] INFO: Conformation 15 done.
[scoring] INFO: Conformation 16 done.
[scoring] INFO: Conformation 17 done.
[scoring] INFO: Conformation 18 done.
[scoring] INFO: Conformation 19 done.
[scoring] INFO: Conformation 20 done.
[scoring] INFO: Conformation 21 done.
[scoring] INFO: Conformation 22 done.
[scoring] INFO: Conformation 23 done.
[scoring] INFO: Conformation 24 done.
[scoring] INFO: Conformation 25 done.
[scoring] INFO: Conformation 26 done.
[scoring] INFO: Conformation 27 done.
[scoring] INFO: Conformation 28 done.
[scoring] INFO: Conformation 29 done.
[scoring] INFO: Conformation 30 done.
[scoring] INFO: Conformation 31 done.
[scoring] INFO: Conformation 32 done.
[scoring] INFO: Conformation 33 done.
[scoring] INFO: Conformation 34 done.
[scoring] INFO: Conformation 35 done.
[scoring] INFO: Conformation 36 done.
[scoring] INFO: Conformation 37 done.
[scoring] INFO: Conformation 38 done.
[scoring] INFO: Conformation 39 done.
[scoring] INFO: Conformation 40 done.
[scoring] INFO: Conformation 41 done.
[scoring] INFO: Conformation 42 done.
[scoring] INFO: Conformation 43 done.
[scoring] INFO: Conformation 44 done.
[scoring] INFO: Conformation 45 done.
[scoring] INFO: Conformation 46 done.
[scoring] INFO: Conformation 47 done.
[scoring] INFO: Conformation 48 done.
[scoring] INFO: Conformation 49 done.
[scoring] INFO: Conformation 50 done.
[scoring] INFO: Conformation 51 done.
[scoring] INFO: Conformation 52 done.
[scoring] INFO: Conformation 53 done.
[scoring] INFO: Conformation 54 done.
[scoring] INFO: Conformation 55 done.
[scoring] INFO: Conformation 56 done.
[scoring] INFO: Conformation 57 done.
[scoring] INFO: Conformation 58 done.
[scoring] INFO: Conformation 59 done.
[scoring] INFO: Conformation 60 done.
[scoring] INFO: Conformation 61 done.
[scoring] INFO: Conformation 62 done.
[scoring] INFO: Conformation 63 done.
[scoring] INFO: Conformation 64 done.
[scoring] INFO: Conformation 65 done.
[scoring] INFO: Conformation 66 done.
[scoring] INFO: Conformation 67 done.
[scoring] INFO: Conformation 68 done.
[scoring] INFO: Conformation 69 done.
[scoring] INFO: Conformation 70 done.
[scoring] INFO: Conformation 71 done.
[scoring] INFO: Conformation 72 done.
[scoring] INFO: Conformation 73 done.
[scoring] INFO: Conformation 74 done.
[scoring] INFO: Conformation 75 done.
[scoring] INFO: Conformation 76 done.
[scoring] INFO: Conformation 77 done.
[scoring] INFO: Conformation 78 done.
[scoring] INFO: Conformation 79 done.
[scoring] INFO: Conformation 80 done.
[scoring] INFO: Conformation 81 done.
[scoring] INFO: Conformation 82 done.
[scoring] INFO: Conformation 83 done.
[scoring] INFO: Conformation 84 done.
[scoring] INFO: Conformation 85 done.
[scoring] INFO: Conformation 86 done.
[scoring] INFO: Conformation 87 done.
[scoring] INFO: Conformation 88 done.
[scoring] INFO: Conformation 89 done.
[scoring] INFO: Conformation 90 done.
[scoring] INFO: Conformation 91 done.
[scoring] INFO: Conformation 92 done.
[scoring] INFO: Conformation 93 done.
[scoring] INFO: Conformation 94 done.
[scoring] INFO: Conformation 95 done.
[scoring] INFO: Conformation 96 done.
[scoring] INFO: Conformation 97 done.
[scoring] INFO: Conformation 98 done.
[scoring] INFO: Conformation 99 done.
[scoring] INFO: Conformation 100 done.
[scoring] INFO: Conformation 101 done.
[scoring] INFO: Conformation 102 done.
[scoring] INFO: Conformation 103 done.
[scoring] INFO: Conformation 104 done.
[scoring] INFO: Conformation 105 done.
[scoring] INFO: Conformation 106 done.
[scoring] INFO: Conformation 107 done.
[scoring] INFO: Conformation 108 done.
[scoring] INFO: Conformation 109 done.
[scoring] INFO: Conformation 110 done.
[scoring] INFO: Conformation 111 done.
[scoring] INFO: Conformation 112 done.
[scoring] INFO: Conformation 113 done.
[scoring] INFO: Conformation 114 done.
[scoring] INFO: Conformation 115 done.
[scoring] INFO: Conformation 116 done.
[scoring] INFO: Conformation 117 done.
[scoring] INFO: Conformation 118 done.
[scoring] INFO: Conformation 119 done.
[scoring] INFO: Conformation 120 done.
[scoring] INFO: Conformation 121 done.
[scoring] INFO: Conformation 122 done.
[scoring] INFO: Conformation 123 done.
[scoring] INFO: Conformation 124 done.
[scoring] INFO: Conformation 125 done.
[scoring] INFO: Conformation 126 done.
[scoring] INFO: Conformation 127 done.
[scoring] INFO: Conformation 128 done.
[scoring] INFO: Conformation 129 done.
[scoring] INFO: Conformation 130 done.
[scoring] INFO: Conformation 131 done.
[scoring] INFO: Conformation 132 done.
[scoring] INFO: Conformation 133 done.
[scoring] INFO: Conformation 134 done.
[scoring] INFO: Conformation 135 done.
[scoring] INFO: Conformation 136 done.
[scoring] INFO: Conformation 137 done.
[scoring] INFO: Conformation 138 done.
[scoring] INFO: Conformation 139 done.
[scoring] INFO: Conformation 140 done.
[scoring] INFO: Conformation 141 done.
[scoring] INFO: Conformation 142 done.
[scoring] INFO: Conformation 143 done.
[scoring] INFO: Conformation 144 done.
[scoring] INFO: Conformation 145 done.
[scoring] INFO: Conformation 146 done.
[scoring] INFO: Conformation 147 done.
[scoring] INFO: Conformation 148 done.
[scoring] INFO: Conformation 149 done.
[scoring] INFO: Conformation 150 done.
[scoring] INFO: Conformation 151 done.
[scoring] INFO: Conformation 152 done.
[scoring] INFO: Conformation 153 done.
[scoring] INFO: Conformation 154 done.
[scoring] INFO: Conformation 155 done.
[scoring] INFO: Conformation 156 done.
[scoring] INFO: Conformation 157 done.
[scoring] INFO: Conformation 158 done.
[scoring] INFO: Conformation 159 done.
[scoring] INFO: Conformation 160 done.
[scoring] INFO: Conformation 161 done.
[scoring] INFO: Conformation 162 done.
[scoring] INFO: Conformation 163 done.
[scoring] INFO: Conformation 164 done.
[scoring] INFO: Conformation 165 done.
[scoring] INFO: Conformation 166 done.
[scoring] INFO: Conformation 167 done.
[scoring] INFO: Conformation 168 done.
[scoring] INFO: Conformation 169 done.
[scoring] INFO: Conformation 170 done.
[scoring] INFO: Conformation 171 done.
[scoring] INFO: Conformation 172 done.
[scoring] INFO: Conformation 173 done.
[scoring] INFO: Conformation 174 done.
[scoring] INFO: Conformation 175 done.
[scoring] INFO: Conformation 176 done.
[scoring] INFO: Conformation 177 done.
[scoring] INFO: Conformation 178 done.
[scoring] INFO: Conformation 179 done.
[scoring] INFO: Conformation 180 done.
[scoring] INFO: Conformation 181 done.
[scoring] INFO: Conformation 182 done.
[scoring] INFO: Conformation 183 done.
[scoring] INFO: Conformation 184 done.
[scoring] INFO: Conformation 185 done.
[scoring] INFO: Conformation 186 done.
[scoring] INFO: Conformation 187 done.
[scoring] INFO: Conformation 188 done.
[scoring] INFO: Conformation 189 done.
[scoring] INFO: Conformation 190 done.
[scoring] INFO: Conformation 191 done.
[scoring] INFO: Conformation 192 done.
[scoring] INFO: Conformation 193 done.
[scoring] INFO: Conformation 194 done.
[scoring] INFO: Conformation 195 done.
[scoring] INFO: Conformation 196 done.
[scoring] INFO: Conformation 197 done.
[scoring] INFO: Conformation 198 done.
[scoring] INFO: Conformation 199 done.
[scoring] INFO: Conformation 200 done.
[scoring] INFO: Conformation 201 done.
[scoring] INFO: Conformation 202 done.
[scoring] INFO: Conformation 203 done.
[scoring] INFO: Conformation 204 done.
[scoring] INFO: Conformation 205 done.
[scoring] INFO: Conformation 206 done.
[scoring] INFO: Conformation 207 done.
[scoring] INFO: Conformation 208 done.
[scoring] INFO: Conformation 209 done.
[scoring] INFO: Conformation 210 done.
[scoring] INFO: Conformation 211 done.
[scoring] INFO: Conformation 212 done.
[scoring] INFO: Conformation 213 done.
[scoring] INFO: Conformation 214 done.
[scoring] INFO: Conformation 215 done.
[scoring] INFO: Conformation 216 done.
[scoring] INFO: Conformation 217 done.
[scoring] INFO: Conformation 218 done.
[scoring] INFO: Conformation 219 done.
[scoring] INFO: Conformation 220 done.
[scoring] INFO: Conformation 221 done.
[scoring] INFO: Conformation 222 done.
[scoring] INFO: Conformation 223 done.
[scoring] INFO: Conformation 224 done.
[scoring] INFO: Conformation 225 done.
[scoring] INFO: Conformation 226 done.
[scoring] INFO: Conformation 227 done.
[scoring] INFO: Conformation 228 done.
[scoring] INFO: Conformation 229 done.
[scoring] INFO: Conformation 230 done.
[scoring] INFO: Conformation 231 done.
[scoring] INFO: Conformation 232 done.
[scoring] INFO: Conformation 233 done.
[scoring] INFO: Conformation 234 done.
[scoring] INFO: Conformation 235 done.
[scoring] INFO: Conformation 236 done.
[scoring] INFO: Conformation 237 done.
[scoring] INFO: Conformation 238 done.
[scoring] INFO: Conformation 239 done.
[scoring] INFO: Conformation 240 done.
[scoring] INFO: Conformation 241 done.
[scoring] INFO: Conformation 242 done.
[scoring] INFO: Conformation 243 done.
[scoring] INFO: Conformation 244 done.
[scoring] INFO: Conformation 245 done.
[scoring] INFO: Conformation 246 done.
[scoring] INFO: Conformation 247 done.
[scoring] INFO: Conformation 248 done.
[scoring] INFO: Conformation 249 done.
[scoring] INFO: Conformation 250 done.
[scoring] INFO: Conformation 251 done.
[scoring] INFO: Conformation 252 done.
[scoring] INFO: Conformation 253 done.
[scoring] INFO: Conformation 254 done.
[scoring] INFO: Conformation 255 done.
[scoring] INFO: Conformation 256 done.
[scoring] INFO: Conformation 257 done.
[scoring] INFO: Conformation 258 done.
[scoring] INFO: Conformation 259 done.
[scoring] INFO: Conformation 260 done.
[scoring] INFO: Conformation 261 done.
[scoring] INFO: Conformation 262 done.
[scoring] INFO: Conformation 263 done.
[scoring] INFO: Conformation 264 done.
[scoring] INFO: Conformation 265 done.
[scoring] INFO: Conformation 266 done.
[scoring] INFO: Conformation 267 done.
[scoring] INFO: Conformation 268 done.
[scoring] INFO: Conformation 269 done.
[scoring] INFO: Conformation 270 done.
[scoring] INFO: Conformation 271 done.
[scoring] INFO: Conformation 272 done.
[scoring] INFO: Conformation 273 done.
[scoring] INFO: Conformation 274 done.
[scoring] INFO: Conformation 275 done.
[scoring] INFO: Conformation 276 done.
[scoring] INFO: Conformation 277 done.
[scoring] INFO: Conformation 278 done.
[scoring] INFO: Conformation 279 done.
[scoring] INFO: Conformation 280 done.
[scoring] INFO: Conformation 281 done.
[scoring] INFO: Conformation 282 done.
[scoring] INFO: Conformation 283 done.
[scoring] INFO: Conformation 284 done.
[scoring] INFO: Conformation 285 done.
[scoring] INFO: Conformation 286 done.
[scoring] INFO: Conformation 287 done.
[scoring] INFO: Conformation 288 done.
[scoring] INFO: Conformation 289 done.
[scoring] INFO: Conformation 290 done.
[scoring] INFO: Conformation 291 done.
[scoring] INFO: Conformation 292 done.
[scoring] INFO: Conformation 293 done.
[scoring] INFO: Conformation 294 done.
[scoring] INFO: Conformation 295 done.
[scoring] INFO: Conformation 296 done.
[scoring] INFO: Conformation 297 done.
[scoring] INFO: Conformation 298 done.
[scoring] INFO: Conformation 299 done.
[scoring] INFO: Conformation 300 done.
[scoring] INFO: Conformation 301 done.
[scoring] INFO: Conformation 302 done.
[scoring] INFO: Conformation 303 done.
[scoring] INFO: Conformation 304 done.
[scoring] INFO: Conformation 305 done.
[scoring] INFO: Conformation 306 done.
[scoring] INFO: Conformation 307 done.
[scoring] INFO: Conformation 308 done.
[scoring] INFO: Conformation 309 done.
[scoring] INFO: Conformation 310 done.
[scoring] INFO: Conformation 311 done.
[scoring] INFO: Conformation 312 done.
[scoring] INFO: Conformation 313 done.
[scoring] INFO: Conformation 314 done.
[scoring] INFO: Conformation 315 done.
[scoring] INFO: Conformation 316 done.
[scoring] INFO: Conformation 317 done.
[scoring] INFO: Conformation 318 done.
[scoring] INFO: Conformation 319 done.
[scoring] INFO: Conformation 320 done.
[scoring] INFO: Conformation 321 done.
[scoring] INFO: Conformation 322 done.
[scoring] INFO: Conformation 323 done.
[scoring] INFO: Conformation 324 done.
[scoring] INFO: Conformation 325 done.
[scoring] INFO: Conformation 326 done.
[scoring] INFO: Conformation 327 done.
[scoring] INFO: Conformation 328 done.
[scoring] INFO: Conformation 329 done.
[scoring] INFO: Conformation 330 done.
[scoring] INFO: Conformation 331 done.
[scoring] INFO: Conformation 332 done.
[scoring] INFO: Conformation 333 done.
[scoring] INFO: Conformation 334 done.
[scoring] INFO: Conformation 335 done.
[scoring] INFO: Conformation 336 done.
[scoring] INFO: Conformation 337 done.
[scoring] INFO: Conformation 338 done.
[scoring] INFO: Conformation 339 done.
[scoring] INFO: Conformation 340 done.
[scoring] INFO: Conformation 341 done.
[scoring] INFO: Conformation 342 done.
[scoring] INFO: Conformation 343 done.
[scoring] INFO: Conformation 344 done.
[scoring] INFO: Conformation 345 done.
[scoring] INFO: Conformation 346 done.
[scoring] INFO: Conformation 347 done.
[scoring] INFO: Conformation 348 done.
[scoring] INFO: Conformation 349 done.
[scoring] INFO: Conformation 350 done.
[scoring] INFO: Conformation 351 done.
[scoring] INFO: Conformation 352 done.
[scoring] INFO: Conformation 353 done.
[scoring] INFO: Conformation 354 done.
[scoring] INFO: Conformation 355 done.
[scoring] INFO: Conformation 356 done.
[scoring] INFO: Conformation 357 done.
[scoring] INFO: Conformation 358 done.
[scoring] INFO: Conformation 359 done.
[scoring] INFO: Conformation 360 done.
[scoring] INFO: Conformation 361 done.
[scoring] INFO: Conformation 362 done.
[scoring] INFO: Conformation 363 done.
[scoring] INFO: Conformation 364 done.
[scoring] INFO: Conformation 365 done.
[scoring] INFO: Conformation 366 done.
[scoring] INFO: Conformation 367 done.
[scoring] INFO: Conformation 368 done.
[scoring] INFO: Conformation 369 done.
[scoring] INFO: Conformation 370 done.
[scoring] INFO: Conformation 371 done.
[scoring] INFO: Conformation 372 done.
[scoring] INFO: Conformation 373 done.
[scoring] INFO: Conformation 374 done.
[scoring] INFO: Conformation 375 done.
[scoring] INFO: Conformation 376 done.
[scoring] INFO: Conformation 377 done.
[scoring] INFO: Conformation 378 done.
[scoring] INFO: Conformation 379 done.
[scoring] INFO: Conformation 380 done.
[scoring] INFO: Conformation 381 done.
[scoring] INFO: Conformation 382 done.
[scoring] INFO: Conformation 383 done.
[scoring] INFO: Conformation 384 done.
[scoring] INFO: Conformation 385 done.
[scoring] INFO: Conformation 386 done.
[scoring] INFO: Conformation 387 done.
[scoring] INFO: Conformation 388 done.
[scoring] INFO: Conformation 389 done.
[scoring] INFO: Conformation 390 done.
[scoring] INFO: Conformation 391 done.
[scoring] INFO: Conformation 392 done.
[scoring] INFO: Conformation 393 done.
[scoring] INFO: Conformation 394 done.
[scoring] INFO: Conformation 395 done.
[scoring] INFO: Conformation 396 done.
[scoring] INFO: Conformation 397 done.
[scoring] INFO: Conformation 398 done.
[scoring] INFO: Conformation 399 done.
[scoring] INFO: Conformation 400 done.
[scoring] INFO: Conformation 401 done.
[scoring] INFO: Conformation 402 done.
[scoring] INFO: Conformation 403 done.
[scoring] INFO: Conformation 404 done.
[scoring] INFO: Conformation 405 done.
[scoring] INFO: Conformation 406 done.
[scoring] INFO: Conformation 407 done.
[scoring] INFO: Conformation 408 done.
[scoring] INFO: Conformation 409 done.
[scoring] INFO: Conformation 410 done.
[scoring] INFO: Conformation 411 done.
[scoring] INFO: Conformation 412 done.
[scoring] INFO: Conformation 413 done.
[scoring] INFO: Conformation 414 done.
[scoring] INFO: Conformation 415 done.
[scoring] INFO: Conformation 416 done.
[scoring] INFO: Conformation 417 done.
[scoring] INFO: Conformation 418 done.
[scoring] INFO: Conformation 419 done.
[scoring] INFO: Conformation 420 done.
[scoring] INFO: Conformation 421 done.
[scoring] INFO: Conformation 422 done.
[scoring] INFO: Conformation 423 done.
[scoring] INFO: Conformation 424 done.
[scoring] INFO: Conformation 425 done.
[scoring] INFO: Conformation 426 done.
[scoring] INFO: Conformation 427 done.
[scoring] INFO: Conformation 428 done.
[scoring] INFO: Conformation 429 done.
[scoring] INFO: Conformation 430 done.
[scoring] INFO: Conformation 431 done.
[scoring] INFO: Conformation 432 done.
[scoring] INFO: Conformation 433 done.
[scoring] INFO: Conformation 434 done.
[scoring] INFO: Conformation 435 done.
[scoring] INFO: Conformation 436 done.
[scoring] INFO: Conformation 437 done.
[scoring] INFO: Conformation 438 done.
[scoring] INFO: Conformation 439 done.
[scoring] INFO: Conformation 440 done.
[scoring] INFO: Conformation 441 done.
[scoring] INFO: Conformation 442 done.
[scoring] INFO: Conformation 443 done.
[scoring] INFO: Conformation 444 done.
[scoring] INFO: Conformation 445 done.
[scoring] INFO: Conformation 446 done.
[scoring] INFO: Conformation 447 done.
[scoring] INFO: Conformation 448 done.
[scoring] INFO: Conformation 449 done.
[scoring] INFO: Conformation 450 done.
[scoring] INFO: Conformation 451 done.
[scoring] INFO: Conformation 452 done.
[scoring] INFO: Conformation 453 done.
[scoring] INFO: Conformation 454 done.
[scoring] INFO: Conformation 455 done.
[scoring] INFO: Conformation 456 done.
[scoring] INFO: Conformation 457 done.
[scoring] INFO: Conformation 458 done.
[scoring] INFO: Conformation 459 done.
[scoring] INFO: Conformation 460 done.
[scoring] INFO: Conformation 461 done.
[scoring] INFO: Conformation 462 done.
[scoring] INFO: Conformation 463 done.
[scoring] INFO: Conformation 464 done.
[scoring] INFO: Conformation 465 done.
[scoring] INFO: Conformation 466 done.
[scoring] INFO: Conformation 467 done.
[scoring] INFO: Conformation 468 done.
[scoring] INFO: Conformation 469 done.
[scoring] INFO: Conformation 470 done.
[scoring] INFO: Conformation 471 done.
[scoring] INFO: Conformation 472 done.
[scoring] INFO: Conformation 473 done.
[scoring] INFO: Conformation 474 done.
[scoring] INFO: Conformation 475 done.
[scoring] INFO: Conformation 476 done.
[scoring] INFO: Conformation 477 done.
[scoring] INFO: Conformation 478 done.
[scoring] INFO: Conformation 479 done.
[scoring] INFO: Conformation 480 done.
[scoring] INFO: Conformation 481 done.
[scoring] INFO: Conformation 482 done.
[scoring] INFO: Conformation 483 done.
[scoring] INFO: Conformation 484 done.
[scoring] INFO: Conformation 485 done.
[scoring] INFO: Conformation 486 done.
[scoring] INFO: Conformation 487 done.
[scoring] INFO: Conformation 488 done.
[scoring] INFO: Conformation 489 done.
[scoring] INFO: Conformation 490 done.
[scoring] INFO: Conformation 491 done.
[scoring] INFO: Conformation 492 done.
[scoring] INFO: Conformation 493 done.
[scoring] INFO: Conformation 494 done.
[scoring] INFO: Conformation 495 done.
[scoring] INFO: Conformation 496 done.
[scoring] INFO: Conformation 497 done.
[scoring] INFO: Conformation 498 done.
[scoring] INFO: Conformation 499 done.
[scoring] INFO: Conformation 500 done.
[scoring] INFO: Conformation 501 done.
[scoring] INFO: Conformation 502 done.
[scoring] INFO: Conformation 503 done.
[scoring] INFO: Conformation 504 done.
[scoring] INFO: Conformation 505 done.
[scoring] INFO: Conformation 506 done.
[scoring] INFO: Conformation 507 done.
[scoring] INFO: Conformation 508 done.
[scoring] INFO: Conformation 509 done.
[scoring] INFO: Conformation 510 done.
[scoring] INFO: Conformation 511 done.
[scoring] INFO: Conformation 512 done.
[scoring] INFO: Conformation 513 done.
[scoring] INFO: Conformation 514 done.
[scoring] INFO: Conformation 515 done.
[scoring] INFO: Conformation 516 done.
[scoring] INFO: Conformation 517 done.
[scoring] INFO: Conformation 518 done.
[scoring] INFO: Conformation 519 done.
[scoring] INFO: Conformation 520 done.
[scoring] INFO: Conformation 521 done.
[scoring] INFO: Conformation 522 done.
[scoring] INFO: Conformation 523 done.
[scoring] INFO: Conformation 524 done.
[scoring] INFO: Conformation 525 done.
[scoring] INFO: Conformation 526 done.
[scoring] INFO: Conformation 527 done.
[scoring] INFO: Conformation 528 done.
[scoring] INFO: Conformation 529 done.
[scoring] INFO: Conformation 530 done.
[scoring] INFO: Conformation 531 done.
[scoring] INFO: Conformation 532 done.
[scoring] INFO: Conformation 533 done.
[scoring] INFO: Conformation 534 done.
[scoring] INFO: Conformation 535 done.
[scoring] INFO: Conformation 536 done.
[scoring] INFO: Conformation 537 done.
[scoring] INFO: Conformation 538 done.
[scoring] INFO: Conformation 539 done.
[scoring] INFO: Conformation 540 done.
[scoring] INFO: Conformation 541 done.
[scoring] INFO: Conformation 542 done.
[scoring] INFO: Conformation 543 done.
[scoring] INFO: Conformation 544 done.
[scoring] INFO: Conformation 545 done.
[scoring] INFO: Conformation 546 done.
[scoring] INFO: Conformation 547 done.
[scoring] INFO: Conformation 548 done.
[scoring] INFO: Conformation 549 done.
[scoring] INFO: Conformation 550 done.
[scoring] INFO: Conformation 551 done.
[scoring] INFO: Conformation 552 done.
[scoring] INFO: Conformation 553 done.
[scoring] INFO: Conformation 554 done.
[scoring] INFO: Conformation 555 done.
[scoring] INFO: Conformation 556 done.
[scoring] INFO: Conformation 557 done.
[scoring] INFO: Conformation 558 done.
[scoring] INFO: Conformation 559 done.
[scoring] INFO: Conformation 560 done.
[scoring] INFO: Conformation 561 done.
[scoring] INFO: Conformation 562 done.
[scoring] INFO: Conformation 563 done.
[scoring] INFO: Conformation 564 done.
[scoring] INFO: Conformation 565 done.
[scoring] INFO: Conformation 566 done.
[scoring] INFO: Conformation 567 done.
[scoring] INFO: Conformation 568 done.
[scoring] INFO: Conformation 569 done.
[scoring] INFO: Conformation 570 done.
[scoring] INFO: Conformation 571 done.
[scoring] INFO: Conformation 572 done.
[scoring] INFO: Conformation 573 done.
[scoring] INFO: Conformation 574 done.
[scoring] INFO: Conformation 575 done.
[scoring] INFO: Conformation 576 done.
[scoring] INFO: Conformation 577 done.
[scoring] INFO: Conformation 578 done.
[scoring] INFO: Conformation 579 done.
[scoring] INFO: Conformation 580 done.
[scoring] INFO: Conformation 581 done.
[scoring] INFO: Conformation 582 done.
[scoring] INFO: Conformation 583 done.
[scoring] INFO: Conformation 584 done.
[scoring] INFO: Conformation 585 done.
[scoring] INFO: Conformation 586 done.
[scoring] INFO: Conformation 587 done.
[scoring] INFO: Conformation 588 done.
[scoring] INFO: Conformation 589 done.
[scoring] INFO: Conformation 590 done.
[scoring] INFO: Conformation 591 done.
[scoring] INFO: Conformation 592 done.
[scoring] INFO: Conformation 593 done.
[scoring] INFO: Conformation 594 done.
[scoring] INFO: Conformation 595 done.
[scoring] INFO: Conformation 596 done.
[scoring] INFO: Conformation 597 done.
[scoring] INFO: Conformation 598 done.
[scoring] INFO: Conformation 599 done.
[scoring] INFO: Conformation 600 done.
[scoring] INFO: Conformation 601 done.
[scoring] INFO: Conformation 602 done.
[scoring] INFO: Conformation 603 done.
[scoring] INFO: Conformation 604 done.
[scoring] INFO: Conformation 605 done.
[scoring] INFO: Conformation 606 done.
[scoring] INFO: Conformation 607 done.
[scoring] INFO: Conformation 608 done.
[scoring] INFO: Conformation 609 done.
[scoring] INFO: Conformation 610 done.
[scoring] INFO: Conformation 611 done.
[scoring] INFO: Conformation 612 done.
[scoring] INFO: Conformation 613 done.
[scoring] INFO: Conformation 614 done.
[scoring] INFO: Conformation 615 done.
[scoring] INFO: Conformation 616 done.
[scoring] INFO: Conformation 617 done.
[scoring] INFO: Conformation 618 done.
[scoring] INFO: Conformation 619 done.
[scoring] INFO: Conformation 620 done.
[scoring] INFO: Conformation 621 done.
[scoring] INFO: Conformation 622 done.
[scoring] INFO: Conformation 623 done.
[scoring] INFO: Conformation 624 done.
[scoring] INFO: Conformation 625 done.
[scoring] INFO: Conformation 626 done.
[scoring] INFO: Conformation 627 done.
[scoring] INFO: Conformation 628 done.
[scoring] INFO: Conformation 629 done.
[scoring] INFO: Conformation 630 done.
[scoring] INFO: Conformation 631 done.
[scoring] INFO: Conformation 632 done.
[scoring] INFO: Conformation 633 done.
[scoring] INFO: Conformation 634 done.
[scoring] INFO: Conformation 635 done.
[scoring] INFO: Conformation 636 done.
[scoring] INFO: Conformation 637 done.
[scoring] INFO: Conformation 638 done.
[scoring] INFO: Conformation 639 done.
[scoring] INFO: Conformation 640 done.
[scoring] INFO: Conformation 641 done.
[scoring] INFO: Conformation 642 done.
[scoring] INFO: Conformation 643 done.
[scoring] INFO: Conformation 644 done.
[scoring] INFO: Conformation 645 done.
[scoring] INFO: Conformation 646 done.
[scoring] INFO: Conformation 647 done.
[scoring] INFO: Conformation 648 done.
[scoring] INFO: Conformation 649 done.
[scoring] INFO: Conformation 650 done.
[scoring] INFO: Conformation 651 done.
[scoring] INFO: Conformation 652 done.
[scoring] INFO: Conformation 653 done.
[scoring] INFO: Conformation 654 done.
[scoring] INFO: Conformation 655 done.
[scoring] INFO: Conformation 656 done.
[scoring] INFO: Conformation 657 done.
[scoring] INFO: Conformation 658 done.
[scoring] INFO: Conformation 659 done.
[scoring] INFO: Conformation 660 done.
[scoring] INFO: Conformation 661 done.
[scoring] INFO: Conformation 662 done.
[scoring] INFO: Conformation 663 done.
[scoring] INFO: Conformation 664 done.
[scoring] INFO: Conformation 665 done.
[scoring] INFO: Conformation 666 done.
[scoring] INFO: Conformation 667 done.
[scoring] INFO: Conformation 668 done.
[scoring] INFO: Conformation 669 done.
[scoring] INFO: Conformation 670 done.
[scoring] INFO: Conformation 671 done.
[scoring] INFO: Conformation 672 done.
[scoring] INFO: Conformation 673 done.
[scoring] INFO: Conformation 674 done.
[scoring] INFO: Conformation 675 done.
[scoring] INFO: Conformation 676 done.
[scoring] INFO: Conformation 677 done.
[scoring] INFO: Conformation 678 done.
[scoring] INFO: Conformation 679 done.
[scoring] INFO: Conformation 680 done.
[scoring] INFO: Conformation 681 done.
[scoring] INFO: Conformation 682 done.
[scoring] INFO: Conformation 683 done.
[scoring] INFO: Conformation 684 done.
[scoring] INFO: Conformation 685 done.
[scoring] INFO: Conformation 686 done.
[scoring] INFO: Conformation 687 done.
[scoring] INFO: Conformation 688 done.
[scoring] INFO: Conformation 689 done.
[scoring] INFO: Conformation 690 done.
[scoring] INFO: Conformation 691 done.
[scoring] INFO: Conformation 692 done.
[scoring] INFO: Conformation 693 done.
[scoring] INFO: Conformation 694 done.
[scoring] INFO: Conformation 695 done.
[scoring] INFO: Conformation 696 done.
[scoring] INFO: Conformation 697 done.
[scoring] INFO: Conformation 698 done.
[scoring] INFO: Conformation 699 done.
[scoring] INFO: Conformation 700 done.
[scoring] INFO: Conformation 701 done.
[scoring] INFO: Conformation 702 done.
[scoring] INFO: Conformation 703 done.
[scoring] INFO: Conformation 704 done.
[scoring] INFO: Conformation 705 done.
[scoring] INFO: Conformation 706 done.
[scoring] INFO: Conformation 707 done.
[scoring] INFO: Conformation 708 done.
[scoring] INFO: Conformation 709 done.
[scoring] INFO: Conformation 710 done.
[scoring] INFO: Conformation 711 done.
[scoring] INFO: Conformation 712 done.
[scoring] INFO: Conformation 713 done.
[scoring] INFO: Conformation 714 done.
[scoring] INFO: Conformation 715 done.
[scoring] INFO: Conformation 716 done.
[scoring] INFO: Conformation 717 done.
[scoring] INFO: Conformation 718 done.
[scoring] INFO: Conformation 719 done.
[scoring] INFO: Conformation 720 done.
[scoring] INFO: Conformation 721 done.
[scoring] INFO: Conformation 722 done.
[scoring] INFO: Conformation 723 done.
[scoring] INFO: Conformation 724 done.
[scoring] INFO: Conformation 725 done.
[scoring] INFO: Conformation 726 done.
[scoring] INFO: Conformation 727 done.
[scoring] INFO: Conformation 728 done.
[scoring] INFO: Conformation 729 done.
[scoring] INFO: Conformation 730 done.
[scoring] INFO: Conformation 731 done.
[scoring] INFO: Conformation 732 done.
[scoring] INFO: Conformation 733 done.
[scoring] INFO: Conformation 734 done.
[scoring] INFO: Conformation 735 done.
[scoring] INFO: Conformation 736 done.
[scoring] INFO: Conformation 737 done.
[scoring] INFO: Conformation 738 done.
[scoring] INFO: Conformation 739 done.
[scoring] INFO: Conformation 740 done.
[scoring] INFO: Conformation 741 done.
[scoring] INFO: Conformation 742 done.
[scoring] INFO: Conformation 743 done.
[scoring] INFO: Conformation 744 done.
[scoring] INFO: Conformation 745 done.
[scoring] INFO: Conformation 746 done.
[scoring] INFO: Conformation 747 done.
[scoring] INFO: Conformation 748 done.
[scoring] INFO: Conformation 749 done.
[scoring] INFO: Conformation 750 done.
[scoring] INFO: Conformation 751 done.
[scoring] INFO: Conformation 752 done.
[scoring] INFO: Conformation 753 done.
[scoring] INFO: Conformation 754 done.
[scoring] INFO: Conformation 755 done.
[scoring] INFO: Conformation 756 done.
[scoring] INFO: Conformation 757 done.
[scoring] INFO: Conformation 758 done.
[scoring] INFO: Conformation 759 done.
[scoring] INFO: Conformation 760 done.
[scoring] INFO: Conformation 761 done.
[scoring] INFO: Conformation 762 done.
[scoring] INFO: Conformation 763 done.
[scoring] INFO: Conformation 764 done.
[scoring] INFO: Conformation 765 done.
[scoring] INFO: Conformation 766 done.
[scoring] INFO: Conformation 767 done.
[scoring] INFO: Conformation 768 done.
[scoring] INFO: Conformation 769 done.
[scoring] INFO: Conformation 770 done.
[scoring] INFO: Conformation 771 done.
[scoring] INFO: Conformation 772 done.
[scoring] INFO: Conformation 773 done.
[scoring] INFO: Conformation 774 done.
[scoring] INFO: Conformation 775 done.
[scoring] INFO: Conformation 776 done.
[scoring] INFO: Conformation 777 done.
[scoring] INFO: Conformation 778 done.
[scoring] INFO: Conformation 779 done.
[scoring] INFO: Conformation 780 done.
[scoring] INFO: Conformation 781 done.
[scoring] INFO: Conformation 782 done.
[scoring] INFO: Conformation 783 done.
[scoring] INFO: Conformation 784 done.
[scoring] INFO: Conformation 785 done.
[scoring] INFO: Conformation 786 done.
[scoring] INFO: Conformation 787 done.
[scoring] INFO: Conformation 788 done.
[scoring] INFO: Conformation 789 done.
[scoring] INFO: Conformation 790 done.
[scoring] INFO: Conformation 791 done.
[scoring] INFO: Conformation 792 done.
[scoring] INFO: Conformation 793 done.
[scoring] INFO: Conformation 794 done.
[scoring] INFO: Conformation 795 done.
[scoring] INFO: Conformation 796 done.
[scoring] INFO: Conformation 797 done.
[scoring] INFO: Conformation 798 done.
[scoring] INFO: Conformation 799 done.
[scoring] INFO: Conformation 800 done.
[scoring] INFO: Conformation 801 done.
[scoring] INFO: Conformation 802 done.
[scoring] INFO: Conformation 803 done.
[scoring] INFO: Conformation 804 done.
[scoring] INFO: Conformation 805 done.
[scoring] INFO: Conformation 806 done.
[scoring] INFO: Conformation 807 done.
[scoring] INFO: Conformation 808 done.
[scoring] INFO: Conformation 809 done.
[scoring] INFO: Conformation 810 done.
[scoring] INFO: Conformation 811 done.
[scoring] INFO: Conformation 812 done.
[scoring] INFO: Conformation 813 done.
[scoring] INFO: Conformation 814 done.
[scoring] INFO: Conformation 815 done.
[scoring] INFO: Conformation 816 done.
[scoring] INFO: Conformation 817 done.
[scoring] INFO: Conformation 818 done.
[scoring] INFO: Conformation 819 done.
[scoring] INFO: Conformation 820 done.
[scoring] INFO: Conformation 821 done.
[scoring] INFO: Conformation 822 done.
[scoring] INFO: Conformation 823 done.
[scoring] INFO: Conformation 824 done.
[scoring] INFO: Conformation 825 done.
[scoring] INFO: Conformation 826 done.
[scoring] INFO: Conformation 827 done.
[scoring] INFO: Conformation 828 done.
[scoring] INFO: Conformation 829 done.
[scoring] INFO: Conformation 830 done.
[scoring] INFO: Conformation 831 done.
[scoring] INFO: Conformation 832 done.
[scoring] INFO: Conformation 833 done.
[scoring] INFO: Conformation 834 done.
[scoring] INFO: Conformation 835 done.
[scoring] INFO: Conformation 836 done.
[scoring] INFO: Conformation 837 done.
[scoring] INFO: Conformation 838 done.
[scoring] INFO: Conformation 839 done.
[scoring] INFO: Conformation 840 done.
[scoring] INFO: Conformation 841 done.
[scoring] INFO: Conformation 842 done.
[scoring] INFO: Conformation 843 done.
[scoring] INFO: Conformation 844 done.
[scoring] INFO: Conformation 845 done.
[scoring] INFO: Conformation 846 done.
[scoring] INFO: Conformation 847 done.
[scoring] INFO: Conformation 848 done.
[scoring] INFO: Conformation 849 done.
[scoring] INFO: Conformation 850 done.
[scoring] INFO: Conformation 851 done.
[scoring] INFO: Conformation 852 done.
[scoring] INFO: Conformation 853 done.
[scoring] INFO: Conformation 854 done.
[scoring] INFO: Conformation 855 done.
[scoring] INFO: Conformation 856 done.
[scoring] INFO: Conformation 857 done.
[scoring] INFO: Conformation 858 done.
[scoring] INFO: Conformation 859 done.
[scoring] INFO: Conformation 860 done.
[scoring] INFO: Conformation 861 done.
[scoring] INFO: Conformation 862 done.
[scoring] INFO: Conformation 863 done.
[scoring] INFO: Conformation 864 done.
[scoring] INFO: Conformation 865 done.
[scoring] INFO: Conformation 866 done.
[scoring] INFO: Conformation 867 done.
[scoring] INFO: Conformation 868 done.
[scoring] INFO: Conformation 869 done.
[scoring] INFO: Conformation 870 done.
[scoring] INFO: Conformation 871 done.
[scoring] INFO: Conformation 872 done.
[scoring] INFO: Conformation 873 done.
[scoring] INFO: Conformation 874 done.
[scoring] INFO: Conformation 875 done.
[scoring] INFO: Conformation 876 done.
[scoring] INFO: Conformation 877 done.
[scoring] INFO: Conformation 878 done.
[scoring] INFO: Conformation 879 done.
[scoring] INFO: Conformation 880 done.
[scoring] INFO: Conformation 881 done.
[scoring] INFO: Conformation 882 done.
[scoring] INFO: Conformation 883 done.
[scoring] INFO: Conformation 884 done.
[scoring] INFO: Conformation 885 done.
[scoring] INFO: Conformation 886 done.
[scoring] INFO: Conformation 887 done.
[scoring] INFO: Conformation 888 done.
[scoring] INFO: Conformation 889 done.
[scoring] INFO: Conformation 890 done.
[scoring] INFO: Conformation 891 done.
[scoring] INFO: Conformation 892 done.
[scoring] INFO: Conformation 893 done.
[scoring] INFO: Conformation 894 done.
[scoring] INFO: Conformation 895 done.
[scoring] INFO: Conformation 896 done.
[scoring] INFO: Conformation 897 done.
[scoring] INFO: Conformation 898 done.
[scoring] INFO: Conformation 899 done.
[scoring] INFO: Conformation 900 done.
[scoring] INFO: Conformation 901 done.
[scoring] INFO: Conformation 902 done.
[scoring] INFO: Conformation 903 done.
[scoring] INFO: Conformation 904 done.
[scoring] INFO: Conformation 905 done.
[scoring] INFO: Conformation 906 done.
[scoring] INFO: Conformation 907 done.
[scoring] INFO: Conformation 908 done.
[scoring] INFO: Conformation 909 done.
[scoring] INFO: Conformation 910 done.
[scoring] INFO: Conformation 911 done.
[scoring] INFO: Conformation 912 done.
[scoring] INFO: Conformation 913 done.
[scoring] INFO: Conformation 914 done.
[scoring] INFO: Conformation 915 done.
[scoring] INFO: Conformation 916 done.
[scoring] INFO: Conformation 917 done.
[scoring] INFO: Conformation 918 done.
[scoring] INFO: Conformation 919 done.
[scoring] INFO: Conformation 920 done.
[scoring] INFO: Conformation 921 done.
[scoring] INFO: Conformation 922 done.
[scoring] INFO: Conformation 923 done.
[scoring] INFO: Conformation 924 done.
[scoring] INFO: Conformation 925 done.
[scoring] INFO: Conformation 926 done.
[scoring] INFO: Conformation 927 done.
[scoring] INFO: Conformation 928 done.
[scoring] INFO: Conformation 929 done.
[scoring] INFO: Conformation 930 done.
[scoring] INFO: Conformation 931 done.
[scoring] INFO: Conformation 932 done.
[scoring] INFO: Conformation 933 done.
[scoring] INFO: Conformation 934 done.
[scoring] INFO: Conformation 935 done.
[scoring] INFO: Conformation 936 done.
[scoring] INFO: Conformation 937 done.
[scoring] INFO: Conformation 938 done.
[scoring] INFO: Conformation 939 done.
[scoring] INFO: Conformation 940 done.
[scoring] INFO: Conformation 941 done.
[scoring] INFO: Conformation 942 done.
[scoring] INFO: Conformation 943 done.
[scoring] INFO: Conformation 944 done.
[scoring] INFO: Conformation 945 done.
[scoring] INFO: Conformation 946 done.
[scoring] INFO: Conformation 947 done.
[scoring] INFO: Conformation 948 done.
[scoring] INFO: Conformation 949 done.
[scoring] INFO: Conformation 950 done.
[scoring] INFO: Conformation 951 done.
[scoring] INFO: Conformation 952 done.
[scoring] INFO: Conformation 953 done.
[scoring] INFO: Conformation 954 done.
[scoring] INFO: Conformation 955 done.
[scoring] INFO: Conformation 956 done.
[scoring] INFO: Conformation 957 done.
[scoring] INFO: Conformation 958 done.
[scoring] INFO: Conformation 959 done.
[scoring] INFO: Conformation 960 done.
[scoring] INFO: Conformation 961 done.
[scoring] INFO: Conformation 962 done.
[scoring] INFO: Conformation 963 done.
[scoring] INFO: Conformation 964 done.
[scoring] INFO: Conformation 965 done.
[scoring] INFO: Conformation 966 done.
[scoring] INFO: Conformation 967 done.
[scoring] INFO: Conformation 968 done.
[scoring] INFO: Conformation 969 done.
[scoring] INFO: Conformation 970 done.
[scoring] INFO: Conformation 971 done.
[scoring] INFO: Conformation 972 done.
[scoring] INFO: Conformation 973 done.
[scoring] INFO: Conformation 974 done.
[scoring] INFO: Conformation 975 done.
[scoring] INFO: Conformation 976 done.
[scoring] INFO: Conformation 977 done.
[scoring] INFO: Conformation 978 done.
[scoring] INFO: Conformation 979 done.
[scoring] INFO: Conformation 980 done.
[scoring] INFO: Conformation 981 done.
[scoring] INFO: Conformation 982 done.
[scoring] INFO: Conformation 983 done.
[scoring] INFO: Conformation 984 done.
[scoring] INFO: Conformation 985 done.
[scoring] INFO: Conformation 986 done.
[scoring] INFO: Conformation 987 done.
[scoring] INFO: Conformation 988 done.
[scoring] INFO: Conformation 989 done.
[scoring] INFO: Conformation 990 done.
[scoring] INFO: Conformation 991 done.
[scoring] INFO: Conformation 992 done.
[scoring] INFO: Conformation 993 done.
[scoring] INFO: Conformation 994 done.
[scoring] INFO: Conformation 995 done.
[scoring] INFO: Conformation 996 done.
[scoring] INFO: Conformation 997 done.
[scoring] INFO: Conformation 998 done.
[scoring] INFO: Conformation 999 done.
[scoring] INFO: Conformation 1000 done.
[scoring] INFO: Conformation 1001 done.
[scoring] INFO: Conformation 1002 done.
[scoring] INFO: Conformation 1003 done.
[scoring] INFO: Conformation 1004 done.
[scoring] INFO: Conformation 1005 done.
[scoring] INFO: Conformation 1006 done.
[scoring] INFO: Conformation 1007 done.
[scoring] INFO: Conformation 1008 done.
[scoring] INFO: Conformation 1009 done.
[scoring] INFO: Conformation 1010 done.
[scoring] INFO: Conformation 1011 done.
[scoring] INFO: Conformation 1012 done.
[scoring] INFO: Conformation 1013 done.
[scoring] INFO: Conformation 1014 done.
[scoring] INFO: Conformation 1015 done.
[scoring] INFO: Conformation 1016 done.
[scoring] INFO: Conformation 1017 done.
[scoring] INFO: Conformation 1018 done.
[scoring] INFO: Conformation 1019 done.
[scoring] INFO: Conformation 1020 done.
[scoring] INFO: Conformation 1021 done.
[scoring] INFO: Conformation 1022 done.
[scoring] INFO: Conformation 1023 done.
[scoring] INFO: Conformation 1024 done.
[scoring] INFO: Conformation 1025 done.
[scoring] INFO: Conformation 1026 done.
[scoring] INFO: Conformation 1027 done.
[scoring] INFO: Conformation 1028 done.
[scoring] INFO: Conformation 1029 done.
[scoring] INFO: Conformation 1030 done.
[scoring] INFO: Conformation 1031 done.
[scoring] INFO: Conformation 1032 done.
[scoring] INFO: Conformation 1033 done.
[scoring] INFO: Conformation 1034 done.
[scoring] INFO: Conformation 1035 done.
[scoring] INFO: Conformation 1036 done.
[scoring] INFO: Conformation 1037 done.
[scoring] INFO: Conformation 1038 done.
[scoring] INFO: Conformation 1039 done.
[scoring] INFO: Conformation 1040 done.
[scoring] INFO: Conformation 1041 done.
[scoring] INFO: Conformation 1042 done.
[scoring] INFO: Conformation 1043 done.
[scoring] INFO: Conformation 1044 done.
[scoring] INFO: Conformation 1045 done.
[scoring] INFO: Conformation 1046 done.
[scoring] INFO: Conformation 1047 done.
[scoring] INFO: Conformation 1048 done.
[scoring] INFO: Conformation 1049 done.
[scoring] INFO: Conformation 1050 done.
[scoring] INFO: Conformation 1051 done.
[scoring] INFO: Conformation 1052 done.
[scoring] INFO: Conformation 1053 done.
[scoring] INFO: Conformation 1054 done.
[scoring] INFO: Conformation 1055 done.
[scoring] INFO: Conformation 1056 done.
[scoring] INFO: Conformation 1057 done.
[scoring] INFO: Conformation 1058 done.
[scoring] INFO: Conformation 1059 done.
[scoring] INFO: Conformation 1060 done.
[scoring] INFO: Conformation 1061 done.
[scoring] INFO: Conformation 1062 done.
[scoring] INFO: Conformation 1063 done.
[scoring] INFO: Conformation 1064 done.
[scoring] INFO: Conformation 1065 done.
[scoring] INFO: Conformation 1066 done.
[scoring] INFO: Conformation 1067 done.
[scoring] INFO: Conformation 1068 done.
[scoring] INFO: Conformation 1069 done.
[scoring] INFO: Conformation 1070 done.
[scoring] INFO: Conformation 1071 done.
[scoring] INFO: Conformation 1072 done.
[scoring] INFO: Conformation 1073 done.
[scoring] INFO: Conformation 1074 done.
[scoring] INFO: Conformation 1075 done.
[scoring] INFO: Conformation 1076 done.
[scoring] INFO: Conformation 1077 done.
[scoring] INFO: Conformation 1078 done.
[scoring] INFO: Conformation 1079 done.
[scoring] INFO: Conformation 1080 done.
[scoring] INFO: Conformation 1081 done.
[scoring] INFO: Conformation 1082 done.
[scoring] INFO: Conformation 1083 done.
[scoring] INFO: Conformation 1084 done.
[scoring] INFO: Conformation 1085 done.
[scoring] INFO: Conformation 1086 done.
[scoring] INFO: Conformation 1087 done.
[scoring] INFO: Conformation 1088 done.
[scoring] INFO: Conformation 1089 done.
[scoring] INFO: Conformation 1090 done.
[scoring] INFO: Conformation 1091 done.
[scoring] INFO: Conformation 1092 done.
[scoring] INFO: Conformation 1093 done.
[scoring] INFO: Conformation 1094 done.
[scoring] INFO: Conformation 1095 done.
[scoring] INFO: Conformation 1096 done.
[scoring] INFO: Conformation 1097 done.
[scoring] INFO: Conformation 1098 done.
[scoring] INFO: Conformation 1099 done.
[scoring] INFO: Conformation 1100 done.
[scoring] INFO: Conformation 1101 done.
[scoring] INFO: Conformation 1102 done.
[scoring] INFO: Conformation 1103 done.
[scoring] INFO: Conformation 1104 done.
[scoring] INFO: Conformation 1105 done.
[scoring] INFO: Conformation 1106 done.
[scoring] INFO: Conformation 1107 done.
[scoring] INFO: Conformation 1108 done.
[scoring] INFO: Conformation 1109 done.
[scoring] INFO: Conformation 1110 done.
[scoring] INFO: Conformation 1111 done.
[scoring] INFO: Conformation 1112 done.
[scoring] INFO: Conformation 1113 done.
[scoring] INFO: Conformation 1114 done.
[scoring] INFO: Conformation 1115 done.
[scoring] INFO: Conformation 1116 done.
[scoring] INFO: Conformation 1117 done.
[scoring] INFO: Conformation 1118 done.
[scoring] INFO: Conformation 1119 done.
[scoring] INFO: Conformation 1120 done.
[scoring] INFO: Conformation 1121 done.
[scoring] INFO: Conformation 1122 done.
[scoring] INFO: Conformation 1123 done.
[scoring] INFO: Conformation 1124 done.
[scoring] INFO: Conformation 1125 done.
[scoring] INFO: Conformation 1126 done.
[scoring] INFO: Conformation 1127 done.
[scoring] INFO: Conformation 1128 done.
[scoring] INFO: Conformation 1129 done.
[scoring] INFO: Conformation 1130 done.
[scoring] INFO: Conformation 1131 done.
[scoring] INFO: Conformation 1132 done.
[scoring] INFO: Conformation 1133 done.
[scoring] INFO: Conformation 1134 done.
[scoring] INFO: Conformation 1135 done.
[scoring] INFO: Conformation 1136 done.
[scoring] INFO: Conformation 1137 done.
[scoring] INFO: Conformation 1138 done.
[scoring] INFO: Conformation 1139 done.
[scoring] INFO: Conformation 1140 done.
[scoring] INFO: Conformation 1141 done.
[scoring] INFO: Conformation 1142 done.
[scoring] INFO: Conformation 1143 done.
[scoring] INFO: Conformation 1144 done.
[scoring] INFO: Conformation 1145 done.
[scoring] INFO: Conformation 1146 done.
[scoring] INFO: Conformation 1147 done.
[scoring] INFO: Conformation 1148 done.
[scoring] INFO: Conformation 1149 done.
[scoring] INFO: Conformation 1150 done.
[scoring] INFO: Conformation 1151 done.
[scoring] INFO: Conformation 1152 done.
[scoring] INFO: Conformation 1153 done.
[scoring] INFO: Conformation 1154 done.
[scoring] INFO: Conformation 1155 done.
[scoring] INFO: Conformation 1156 done.
[scoring] INFO: Conformation 1157 done.
[scoring] INFO: Conformation 1158 done.
[scoring] INFO: Conformation 1159 done.
[scoring] INFO: Conformation 1160 done.
[scoring] INFO: Conformation 1161 done.
[scoring] INFO: Conformation 1162 done.
[scoring] INFO: Conformation 1163 done.
[scoring] INFO: Conformation 1164 done.
[scoring] INFO: Conformation 1165 done.
[scoring] INFO: Conformation 1166 done.
[scoring] INFO: Conformation 1167 done.
[scoring] INFO: Conformation 1168 done.
[scoring] INFO: Conformation 1169 done.
[scoring] INFO: Conformation 1170 done.
[scoring] INFO: Conformation 1171 done.
[scoring] INFO: Conformation 1172 done.
[scoring] INFO: Conformation 1173 done.
[scoring] INFO: Conformation 1174 done.
[scoring] INFO: Conformation 1175 done.
[scoring] INFO: Conformation 1176 done.
[scoring] INFO: Conformation 1177 done.
[scoring] INFO: Conformation 1178 done.
[scoring] INFO: Conformation 1179 done.
[scoring] INFO: Conformation 1180 done.
[scoring] INFO: Conformation 1181 done.
[scoring] INFO: Conformation 1182 done.
[scoring] INFO: Conformation 1183 done.
[scoring] INFO: Conformation 1184 done.
[scoring] INFO: Conformation 1185 done.
[scoring] INFO: Conformation 1186 done.
[scoring] INFO: Conformation 1187 done.
[scoring] INFO: Conformation 1188 done.
[scoring] INFO: Conformation 1189 done.
[scoring] INFO: Conformation 1190 done.
[scoring] INFO: Conformation 1191 done.
[scoring] INFO: Conformation 1192 done.
[scoring] INFO: Conformation 1193 done.
[scoring] INFO: Conformation 1194 done.
[scoring] INFO: Conformation 1195 done.
[scoring] INFO: Conformation 1196 done.
[scoring] INFO: Conformation 1197 done.
[scoring] INFO: Conformation 1198 done.
[scoring] INFO: Conformation 1199 done.
[scoring] INFO: Conformation 1200 done.
[scoring] INFO: Conformation 1201 done.
[scoring] INFO: Conformation 1202 done.
[scoring] INFO: Conformation 1203 done.
[scoring] INFO: Conformation 1204 done.
[scoring] INFO: Conformation 1205 done.
[scoring] INFO: Conformation 1206 done.
[scoring] INFO: Conformation 1207 done.
[scoring] INFO: Conformation 1208 done.
[scoring] INFO: Conformation 1209 done.
[scoring] INFO: Conformation 1210 done.
[scoring] INFO: Conformation 1211 done.
[scoring] INFO: Conformation 1212 done.
[scoring] INFO: Conformation 1213 done.
[scoring] INFO: Conformation 1214 done.
[scoring] INFO: Conformation 1215 done.
[scoring] INFO: Conformation 1216 done.
[scoring] INFO: Conformation 1217 done.
[scoring] INFO: Conformation 1218 done.
[scoring] INFO: Conformation 1219 done.
[scoring] INFO: Conformation 1220 done.
[scoring] INFO: Conformation 1221 done.
[scoring] INFO: Conformation 1222 done.
[scoring] INFO: Conformation 1223 done.
[scoring] INFO: Conformation 1224 done.
[scoring] INFO: Conformation 1225 done.
[scoring] INFO: Conformation 1226 done.
[scoring] INFO: Conformation 1227 done.
[scoring] INFO: Conformation 1228 done.
[scoring] INFO: Conformation 1229 done.
[scoring] INFO: Conformation 1230 done.
[scoring] INFO: Conformation 1231 done.
[scoring] INFO: Conformation 1232 done.
[scoring] INFO: Conformation 1233 done.
[scoring] INFO: Conformation 1234 done.
[scoring] INFO: Conformation 1235 done.
[scoring] INFO: Conformation 1236 done.
[scoring] INFO: Conformation 1237 done.
[scoring] INFO: Conformation 1238 done.
[scoring] INFO: Conformation 1239 done.
[scoring] INFO: Conformation 1240 done.
[scoring] INFO: Conformation 1241 done.
[scoring] INFO: Conformation 1242 done.
[scoring] INFO: Conformation 1243 done.
[scoring] INFO: Conformation 1244 done.
[scoring] INFO: Conformation 1245 done.
[scoring] INFO: Conformation 1246 done.
[scoring] INFO: Conformation 1247 done.
[scoring] INFO: Conformation 1248 done.
[scoring] INFO: Conformation 1249 done.
[scoring] INFO: Conformation 1250 done.
[scoring] INFO: Conformation 1251 done.
[scoring] INFO: Conformation 1252 done.
[scoring] INFO: Conformation 1253 done.
[scoring] INFO: Conformation 1254 done.
[scoring] INFO: Conformation 1255 done.
[scoring] INFO: Conformation 1256 done.
[scoring] INFO: Conformation 1257 done.
[scoring] INFO: Conformation 1258 done.
[scoring] INFO: Conformation 1259 done.
[scoring] INFO: Conformation 1260 done.
[scoring] INFO: Conformation 1261 done.
[scoring] INFO: Conformation 1262 done.
[scoring] INFO: Conformation 1263 done.
[scoring] INFO: Conformation 1264 done.
[scoring] INFO: Conformation 1265 done.
[scoring] INFO: Conformation 1266 done.
[scoring] INFO: Conformation 1267 done.
[scoring] INFO: Conformation 1268 done.
[scoring] INFO: Conformation 1269 done.
[scoring] INFO: Conformation 1270 done.
[scoring] INFO: Conformation 1271 done.
[scoring] INFO: Conformation 1272 done.
[scoring] INFO: Conformation 1273 done.
[scoring] INFO: Conformation 1274 done.
[scoring] INFO: Conformation 1275 done.
[scoring] INFO: Conformation 1276 done.
[scoring] INFO: Conformation 1277 done.
[scoring] INFO: Conformation 1278 done.
[scoring] INFO: Conformation 1279 done.
[scoring] INFO: Conformation 1280 done.
[scoring] INFO: Conformation 1281 done.
[scoring] INFO: Conformation 1282 done.
[scoring] INFO: Conformation 1283 done.
[scoring] INFO: Conformation 1284 done.
[scoring] INFO: Conformation 1285 done.
[scoring] INFO: Conformation 1286 done.
[scoring] INFO: Conformation 1287 done.
[scoring] INFO: Conformation 1288 done.
[scoring] INFO: Conformation 1289 done.
[scoring] INFO: Conformation 1290 done.
[scoring] INFO: Conformation 1291 done.
[scoring] INFO: Conformation 1292 done.
[scoring] INFO: Conformation 1293 done.
[scoring] INFO: Conformation 1294 done.
[scoring] INFO: Conformation 1295 done.
[scoring] INFO: Conformation 1296 done.
[scoring] INFO: Conformation 1297 done.
[scoring] INFO: Conformation 1298 done.
[scoring] INFO: Conformation 1299 done.
[scoring] INFO: Conformation 1300 done.
[scoring] INFO: Conformation 1301 done.
[scoring] INFO: Conformation 1302 done.
[scoring] INFO: Conformation 1303 done.
[scoring] INFO: Conformation 1304 done.
[scoring] INFO: Conformation 1305 done.
[scoring] INFO: Conformation 1306 done.
[scoring] INFO: Conformation 1307 done.
[scoring] INFO: Conformation 1308 done.
[scoring] INFO: Conformation 1309 done.
[scoring] INFO: Conformation 1310 done.
[scoring] INFO: Conformation 1311 done.
[scoring] INFO: Conformation 1312 done.
[scoring] INFO: Conformation 1313 done.
[scoring] INFO: Conformation 1314 done.
[scoring] INFO: Conformation 1315 done.
[scoring] INFO: Conformation 1316 done.
[scoring] INFO: Conformation 1317 done.
[scoring] INFO: Conformation 1318 done.
[scoring] INFO: Conformation 1319 done.
[scoring] INFO: Conformation 1320 done.
[scoring] INFO: Conformation 1321 done.
[scoring] INFO: Conformation 1322 done.
[scoring] INFO: Conformation 1323 done.
[scoring] INFO: Conformation 1324 done.
[scoring] INFO: Conformation 1325 done.
[scoring] INFO: Conformation 1326 done.
[scoring] INFO: Conformation 1327 done.
[scoring] INFO: Conformation 1328 done.
[scoring] INFO: Conformation 1329 done.
[scoring] INFO: Conformation 1330 done.
[scoring] INFO: Conformation 1331 done.
[scoring] INFO: Conformation 1332 done.
[scoring] INFO: Conformation 1333 done.
[scoring] INFO: Conformation 1334 done.
[scoring] INFO: Conformation 1335 done.
[scoring] INFO: Conformation 1336 done.
[scoring] INFO: Conformation 1337 done.
[scoring] INFO: Conformation 1338 done.
[scoring] INFO: Conformation 1339 done.
[scoring] INFO: Conformation 1340 done.
[scoring] INFO: Conformation 1341 done.
[scoring] INFO: Conformation 1342 done.
[scoring] INFO: Conformation 1343 done.
[scoring] INFO: Conformation 1344 done.
[scoring] INFO: Conformation 1345 done.
[scoring] INFO: Conformation 1346 done.
[scoring] INFO: Conformation 1347 done.
[scoring] INFO: Conformation 1348 done.
[scoring] INFO: Conformation 1349 done.
[scoring] INFO: Conformation 1350 done.
[scoring] INFO: Conformation 1351 done.
[scoring] INFO: Conformation 1352 done.
[scoring] INFO: Conformation 1353 done.
[scoring] INFO: Conformation 1354 done.
[scoring] INFO: Conformation 1355 done.
[scoring] INFO: Conformation 1356 done.
[scoring] INFO: Conformation 1357 done.
[scoring] INFO: Conformation 1358 done.
[scoring] INFO: Conformation 1359 done.
[scoring] INFO: Conformation 1360 done.
[scoring] INFO: Conformation 1361 done.
[scoring] INFO: Conformation 1362 done.
[scoring] INFO: Conformation 1363 done.
[scoring] INFO: Conformation 1364 done.
[scoring] INFO: Conformation 1365 done.
[scoring] INFO: Conformation 1366 done.
[scoring] INFO: Conformation 1367 done.
[scoring] INFO: Conformation 1368 done.
[scoring] INFO: Conformation 1369 done.
[scoring] INFO: Conformation 1370 done.
[scoring] INFO: Conformation 1371 done.
[scoring] INFO: Conformation 1372 done.
[scoring] INFO: Conformation 1373 done.
[scoring] INFO: Conformation 1374 done.
[scoring] INFO: Conformation 1375 done.
[scoring] INFO: Conformation 1376 done.
[scoring] INFO: Conformation 1377 done.
[scoring] INFO: Conformation 1378 done.
[scoring] INFO: Conformation 1379 done.
[scoring] INFO: Conformation 1380 done.
[scoring] INFO: Conformation 1381 done.
[scoring] INFO: Conformation 1382 done.
[scoring] INFO: Conformation 1383 done.
[scoring] INFO: Conformation 1384 done.
[scoring] INFO: Conformation 1385 done.
[scoring] INFO: Conformation 1386 done.
[scoring] INFO: Conformation 1387 done.
[scoring] INFO: Conformation 1388 done.
[scoring] INFO: Conformation 1389 done.
[scoring] INFO: Conformation 1390 done.
[scoring] INFO: Conformation 1391 done.
[scoring] INFO: Conformation 1392 done.
[scoring] INFO: Conformation 1393 done.
[scoring] INFO: Conformation 1394 done.
[scoring] INFO: Conformation 1395 done.
[scoring] INFO: Conformation 1396 done.
[scoring] INFO: Conformation 1397 done.
[scoring] INFO: Conformation 1398 done.
[scoring] INFO: Conformation 1399 done.
[scoring] INFO: Conformation 1400 done.
[scoring] INFO: Conformation 1401 done.
[scoring] INFO: Conformation 1402 done.
[scoring] INFO: Conformation 1403 done.
[scoring] INFO: Conformation 1404 done.
[scoring] INFO: Conformation 1405 done.
[scoring] INFO: Conformation 1406 done.
[scoring] INFO: Conformation 1407 done.
[scoring] INFO: Conformation 1408 done.
[scoring] INFO: Conformation 1409 done.
[scoring] INFO: Conformation 1410 done.
[scoring] INFO: Conformation 1411 done.
[scoring] INFO: Conformation 1412 done.
[scoring] INFO: Conformation 1413 done.
[scoring] INFO: Conformation 1414 done.
[scoring] INFO: Conformation 1415 done.
[scoring] INFO: Conformation 1416 done.
[scoring] INFO: Conformation 1417 done.
[scoring] INFO: Conformation 1418 done.
[scoring] INFO: Conformation 1419 done.
[scoring] INFO: Conformation 1420 done.
[scoring] INFO: Conformation 1421 done.
[scoring] INFO: Conformation 1422 done.
[scoring] INFO: Conformation 1423 done.
[scoring] INFO: Conformation 1424 done.
[scoring] INFO: Conformation 1425 done.
[scoring] INFO: Conformation 1426 done.
[scoring] INFO: Conformation 1427 done.
[scoring] INFO: Conformation 1428 done.
[scoring] INFO: Conformation 1429 done.
[scoring] INFO: Conformation 1430 done.
[scoring] INFO: Conformation 1431 done.
[scoring] INFO: Conformation 1432 done.
[scoring] INFO: Conformation 1433 done.
[scoring] INFO: Conformation 1434 done.
[scoring] INFO: Conformation 1435 done.
[scoring] INFO: Conformation 1436 done.
[scoring] INFO: Conformation 1437 done.
[scoring] INFO: Conformation 1438 done.
[scoring] INFO: Conformation 1439 done.
[scoring] INFO: Conformation 1440 done.
[scoring] INFO: Conformation 1441 done.
[scoring] INFO: Conformation 1442 done.
[scoring] INFO: Conformation 1443 done.
[scoring] INFO: Conformation 1444 done.
[scoring] INFO: Conformation 1445 done.
[scoring] INFO: Conformation 1446 done.
[scoring] INFO: Conformation 1447 done.
[scoring] INFO: Conformation 1448 done.
[scoring] INFO: Conformation 1449 done.
[scoring] INFO: Conformation 1450 done.
[scoring] INFO: Conformation 1451 done.
[scoring] INFO: Conformation 1452 done.
[scoring] INFO: Conformation 1453 done.
[scoring] INFO: Conformation 1454 done.
[scoring] INFO: Conformation 1455 done.
[scoring] INFO: Conformation 1456 done.
[scoring] INFO: Conformation 1457 done.
[scoring] INFO: Conformation 1458 done.
[scoring] INFO: Conformation 1459 done.
[scoring] INFO: Conformation 1460 done.
[scoring] INFO: Conformation 1461 done.
[scoring] INFO: Conformation 1462 done.
[scoring] INFO: Conformation 1463 done.
[scoring] INFO: Conformation 1464 done.
[scoring] INFO: Conformation 1465 done.
[scoring] INFO: Conformation 1466 done.
[scoring] INFO: Conformation 1467 done.
[scoring] INFO: Conformation 1468 done.
[scoring] INFO: Conformation 1469 done.
[scoring] INFO: Conformation 1470 done.
[scoring] INFO: Conformation 1471 done.
[scoring] INFO: Conformation 1472 done.
[scoring] INFO: Conformation 1473 done.
[scoring] INFO: Conformation 1474 done.
[scoring] INFO: Conformation 1475 done.
[scoring] INFO: Conformation 1476 done.
[scoring] INFO: Conformation 1477 done.
[scoring] INFO: Conformation 1478 done.
[scoring] INFO: Conformation 1479 done.
[scoring] INFO: Conformation 1480 done.
[scoring] INFO: Conformation 1481 done.
[scoring] INFO: Conformation 1482 done.
[scoring] INFO: Conformation 1483 done.
[scoring] INFO: Conformation 1484 done.
[scoring] INFO: Conformation 1485 done.
[scoring] INFO: Conformation 1486 done.
[scoring] INFO: Conformation 1487 done.
[scoring] INFO: Conformation 1488 done.
[scoring] INFO: Conformation 1489 done.
[scoring] INFO: Conformation 1490 done.
[scoring] INFO: Conformation 1491 done.
[scoring] INFO: Conformation 1492 done.
[scoring] INFO: Conformation 1493 done.
[scoring] INFO: Conformation 1494 done.
[scoring] INFO: Conformation 1495 done.
[scoring] INFO: Conformation 1496 done.
[scoring] INFO: Conformation 1497 done.
[scoring] INFO: Conformation 1498 done.
[scoring] INFO: Conformation 1499 done.
[scoring] INFO: Conformation 1500 done.
[scoring] INFO: Conformation 1501 done.
[scoring] INFO: Conformation 1502 done.
[scoring] INFO: Conformation 1503 done.
[scoring] INFO: Conformation 1504 done.
[scoring] INFO: Conformation 1505 done.
[scoring] INFO: Conformation 1506 done.
[scoring] INFO: Conformation 1507 done.
[scoring] INFO: Conformation 1508 done.
[scoring] INFO: Conformation 1509 done.
[scoring] INFO: Conformation 1510 done.
[scoring] INFO: Conformation 1511 done.
[scoring] INFO: Conformation 1512 done.
[scoring] INFO: Conformation 1513 done.
[scoring] INFO: Conformation 1514 done.
[scoring] INFO: Conformation 1515 done.
[scoring] INFO: Conformation 1516 done.
[scoring] INFO: Conformation 1517 done.
[scoring] INFO: Conformation 1518 done.
[scoring] INFO: Conformation 1519 done.
[scoring] INFO: Conformation 1520 done.
[scoring] INFO: Conformation 1521 done.
[scoring] INFO: Conformation 1522 done.
[scoring] INFO: Conformation 1523 done.
[scoring] INFO: Conformation 1524 done.
[scoring] INFO: Conformation 1525 done.
[scoring] INFO: Conformation 1526 done.
[scoring] INFO: Conformation 1527 done.
[scoring] INFO: Conformation 1528 done.
[scoring] INFO: Conformation 1529 done.
[scoring] INFO: Conformation 1530 done.
[scoring] INFO: Conformation 1531 done.
[scoring] INFO: Conformation 1532 done.
[scoring] INFO: Conformation 1533 done.
[scoring] INFO: Conformation 1534 done.
[scoring] INFO: Conformation 1535 done.
[scoring] INFO: Conformation 1536 done.
[scoring] INFO: Conformation 1537 done.
[scoring] INFO: Conformation 1538 done.
[scoring] INFO: Conformation 1539 done.
[scoring] INFO: Conformation 1540 done.
[scoring] INFO: Conformation 1541 done.
[scoring] INFO: Conformation 1542 done.
[scoring] INFO: Conformation 1543 done.
[scoring] INFO: Conformation 1544 done.
[scoring] INFO: Conformation 1545 done.
[scoring] INFO: Conformation 1546 done.
[scoring] INFO: Conformation 1547 done.
[scoring] INFO: Conformation 1548 done.
[scoring] INFO: Conformation 1549 done.
[scoring] INFO: Conformation 1550 done.
[scoring] INFO: Conformation 1551 done.
[scoring] INFO: Conformation 1552 done.
[scoring] INFO: Conformation 1553 done.
[scoring] INFO: Conformation 1554 done.
[scoring] INFO: Conformation 1555 done.
[scoring] INFO: Conformation 1556 done.
[scoring] INFO: Conformation 1557 done.
[scoring] INFO: Conformation 1558 done.
[scoring] INFO: Conformation 1559 done.
[scoring] INFO: Conformation 1560 done.
[scoring] INFO: Conformation 1561 done.
[scoring] INFO: Conformation 1562 done.
[scoring] INFO: Conformation 1563 done.
[scoring] INFO: Conformation 1564 done.
[scoring] INFO: Conformation 1565 done.
[scoring] INFO: Conformation 1566 done.
[scoring] INFO: Conformation 1567 done.
[scoring] INFO: Conformation 1568 done.
[scoring] INFO: Conformation 1569 done.
[scoring] INFO: Conformation 1570 done.
[scoring] INFO: Conformation 1571 done.
[scoring] INFO: Conformation 1572 done.
[scoring] INFO: Conformation 1573 done.
[scoring] INFO: Conformation 1574 done.
[scoring] INFO: Conformation 1575 done.
[scoring] INFO: Conformation 1576 done.
[scoring] INFO: Conformation 1577 done.
[scoring] INFO: Conformation 1578 done.
[scoring] INFO: Conformation 1579 done.
[scoring] INFO: Conformation 1580 done.
[scoring] INFO: Conformation 1581 done.
[scoring] INFO: Conformation 1582 done.
[scoring] INFO: Conformation 1583 done.
[scoring] INFO: Conformation 1584 done.
[scoring] INFO: Conformation 1585 done.
[scoring] INFO: Conformation 1586 done.
[scoring] INFO: Conformation 1587 done.
[scoring] INFO: Conformation 1588 done.
[scoring] INFO: Conformation 1589 done.
[scoring] INFO: Conformation 1590 done.
[scoring] INFO: Conformation 1591 done.
[scoring] INFO: Conformation 1592 done.
[scoring] INFO: Conformation 1593 done.
[scoring] INFO: Conformation 1594 done.
[scoring] INFO: Conformation 1595 done.
[scoring] INFO: Conformation 1596 done.
[scoring] INFO: Conformation 1597 done.
[scoring] INFO: Conformation 1598 done.
[scoring] INFO: Conformation 1599 done.
[scoring] INFO: Conformation 1600 done.
[scoring] INFO: Conformation 1601 done.
[scoring] INFO: Conformation 1602 done.
[scoring] INFO: Conformation 1603 done.
[scoring] INFO: Conformation 1604 done.
[scoring] INFO: Conformation 1605 done.
[scoring] INFO: Conformation 1606 done.
[scoring] INFO: Conformation 1607 done.
[scoring] INFO: Conformation 1608 done.
[scoring] INFO: Conformation 1609 done.
[scoring] INFO: Conformation 1610 done.
[scoring] INFO: Conformation 1611 done.
[scoring] INFO: Conformation 1612 done.
[scoring] INFO: Conformation 1613 done.
[scoring] INFO: Conformation 1614 done.
[scoring] INFO: Conformation 1615 done.
[scoring] INFO: Conformation 1616 done.
[scoring] INFO: Conformation 1617 done.
[scoring] INFO: Conformation 1618 done.
[scoring] INFO: Conformation 1619 done.
[scoring] INFO: Conformation 1620 done.
[scoring] INFO: Conformation 1621 done.
[scoring] INFO: Conformation 1622 done.
[scoring] INFO: Conformation 1623 done.
[scoring] INFO: Conformation 1624 done.
[scoring] INFO: Conformation 1625 done.
[scoring] INFO: Conformation 1626 done.
[scoring] INFO: Conformation 1627 done.
[scoring] INFO: Conformation 1628 done.
[scoring] INFO: Conformation 1629 done.
[scoring] INFO: Conformation 1630 done.
[scoring] INFO: Conformation 1631 done.
[scoring] INFO: Conformation 1632 done.
[scoring] INFO: Conformation 1633 done.
[scoring] INFO: Conformation 1634 done.
[scoring] INFO: Conformation 1635 done.
[scoring] INFO: Conformation 1636 done.
[scoring] INFO: Conformation 1637 done.
[scoring] INFO: Conformation 1638 done.
[scoring] INFO: Conformation 1639 done.
[scoring] INFO: Conformation 1640 done.
[scoring] INFO: Conformation 1641 done.
[scoring] INFO: Conformation 1642 done.
[scoring] INFO: Conformation 1643 done.
[scoring] INFO: Conformation 1644 done.
[scoring] INFO: Conformation 1645 done.
[scoring] INFO: Conformation 1646 done.
[scoring] INFO: Conformation 1647 done.
[scoring] INFO: Conformation 1648 done.
[scoring] INFO: Conformation 1649 done.
[scoring] INFO: Conformation 1650 done.
[scoring] INFO: Conformation 1651 done.
[scoring] INFO: Conformation 1652 done.
[scoring] INFO: Conformation 1653 done.
[scoring] INFO: Conformation 1654 done.
[scoring] INFO: Conformation 1655 done.
[scoring] INFO: Conformation 1656 done.
[scoring] INFO: Conformation 1657 done.
[scoring] INFO: Conformation 1658 done.
[scoring] INFO: Conformation 1659 done.
[scoring] INFO: Conformation 1660 done.
[scoring] INFO: Conformation 1661 done.
[scoring] INFO: Conformation 1662 done.
[scoring] INFO: Conformation 1663 done.
[scoring] INFO: Conformation 1664 done.
[scoring] INFO: Conformation 1665 done.
[scoring] INFO: Conformation 1666 done.
[scoring] INFO: Conformation 1667 done.
[scoring] INFO: Conformation 1668 done.
[scoring] INFO: Conformation 1669 done.
[scoring] INFO: Conformation 1670 done.
[scoring] INFO: Conformation 1671 done.
[scoring] INFO: Conformation 1672 done.
[scoring] INFO: Conformation 1673 done.
[scoring] INFO: Conformation 1674 done.
[scoring] INFO: Conformation 1675 done.
[scoring] INFO: Conformation 1676 done.
[scoring] INFO: Conformation 1677 done.
[scoring] INFO: Conformation 1678 done.
[scoring] INFO: Conformation 1679 done.
[scoring] INFO: Conformation 1680 done.
[scoring] INFO: Conformation 1681 done.
[scoring] INFO: Conformation 1682 done.
[scoring] INFO: Conformation 1683 done.
[scoring] INFO: Conformation 1684 done.
[scoring] INFO: Conformation 1685 done.
[scoring] INFO: Conformation 1686 done.
[scoring] INFO: Conformation 1687 done.
[scoring] INFO: Conformation 1688 done.
[scoring] INFO: Conformation 1689 done.
[scoring] INFO: Conformation 1690 done.
[scoring] INFO: Conformation 1691 done.
[scoring] INFO: Conformation 1692 done.
[scoring] INFO: Conformation 1693 done.
[scoring] INFO: Conformation 1694 done.
[scoring] INFO: Conformation 1695 done.
[scoring] INFO: Conformation 1696 done.
[scoring] INFO: Conformation 1697 done.
[scoring] INFO: Conformation 1698 done.
[scoring] INFO: Conformation 1699 done.
[scoring] INFO: Conformation 1700 done.
[scoring] INFO: Conformation 1701 done.
[scoring] INFO: Conformation 1702 done.
[scoring] INFO: Conformation 1703 done.
[scoring] INFO: Conformation 1704 done.
[scoring] INFO: Conformation 1705 done.
[scoring] INFO: Conformation 1706 done.
[scoring] INFO: Conformation 1707 done.
[scoring] INFO: Conformation 1708 done.
[scoring] INFO: Conformation 1709 done.
[scoring] INFO: Conformation 1710 done.
[scoring] INFO: Conformation 1711 done.
[scoring] INFO: Conformation 1712 done.
[scoring] INFO: Conformation 1713 done.
[scoring] INFO: Conformation 1714 done.
[scoring] INFO: Conformation 1715 done.
[scoring] INFO: Conformation 1716 done.
[scoring] INFO: Conformation 1717 done.
[scoring] INFO: Conformation 1718 done.
[scoring] INFO: Conformation 1719 done.
[scoring] INFO: Conformation 1720 done.
[scoring] INFO: Conformation 1721 done.
[scoring] INFO: Conformation 1722 done.
[scoring] INFO: Conformation 1723 done.
[scoring] INFO: Conformation 1724 done.
[scoring] INFO: Conformation 1725 done.
[scoring] INFO: Conformation 1726 done.
[scoring] INFO: Conformation 1727 done.
[scoring] INFO: Conformation 1728 done.
[scoring] INFO: Conformation 1729 done.
[scoring] INFO: Conformation 1730 done.
[scoring] INFO: Conformation 1731 done.
[scoring] INFO: Conformation 1732 done.
[scoring] INFO: Conformation 1733 done.
[scoring] INFO: Conformation 1734 done.
[scoring] INFO: Conformation 1735 done.
[scoring] INFO: Conformation 1736 done.
[scoring] INFO: Conformation 1737 done.
[scoring] INFO: Conformation 1738 done.
[scoring] INFO: Conformation 1739 done.
[scoring] INFO: Conformation 1740 done.
[scoring] INFO: Conformation 1741 done.
[scoring] INFO: Conformation 1742 done.
[scoring] INFO: Conformation 1743 done.
[scoring] INFO: Conformation 1744 done.
[scoring] INFO: Conformation 1745 done.
[scoring] INFO: Conformation 1746 done.
[scoring] INFO: Conformation 1747 done.
[scoring] INFO: Conformation 1748 done.
[scoring] INFO: Conformation 1749 done.
[scoring] INFO: Conformation 1750 done.
[scoring] INFO: Conformation 1751 done.
[scoring] INFO: Conformation 1752 done.
[scoring] INFO: Conformation 1753 done.
[scoring] INFO: Conformation 1754 done.
[scoring] INFO: Conformation 1755 done.
[scoring] INFO: Conformation 1756 done.
[scoring] INFO: Conformation 1757 done.
[scoring] INFO: Conformation 1758 done.
[scoring] INFO: Conformation 1759 done.
[scoring] INFO: Conformation 1760 done.
[scoring] INFO: Conformation 1761 done.
[scoring] INFO: Conformation 1762 done.
[scoring] INFO: Conformation 1763 done.
[scoring] INFO: Conformation 1764 done.
[scoring] INFO: Conformation 1765 done.
[scoring] INFO: Conformation 1766 done.
[scoring] INFO: Conformation 1767 done.
[scoring] INFO: Conformation 1768 done.
[scoring] INFO: Conformation 1769 done.
[scoring] INFO: Conformation 1770 done.
[scoring] INFO: Conformation 1771 done.
[scoring] INFO: Conformation 1772 done.
[scoring] INFO: Conformation 1773 done.
[scoring] INFO: Conformation 1774 done.
[scoring] INFO: Conformation 1775 done.
[scoring] INFO: Conformation 1776 done.
[scoring] INFO: Conformation 1777 done.
[scoring] INFO: Conformation 1778 done.
[scoring] INFO: Conformation 1779 done.
[scoring] INFO: Conformation 1780 done.
[scoring] INFO: Conformation 1781 done.
[scoring] INFO: Conformation 1782 done.
[scoring] INFO: Conformation 1783 done.
[scoring] INFO: Conformation 1784 done.
[scoring] INFO: Conformation 1785 done.
[scoring] INFO: Conformation 1786 done.
[scoring] INFO: Conformation 1787 done.
[scoring] INFO: Conformation 1788 done.
[scoring] INFO: Conformation 1789 done.
[scoring] INFO: Conformation 1790 done.
[scoring] INFO: Conformation 1791 done.
[scoring] INFO: Conformation 1792 done.
[scoring] INFO: Conformation 1793 done.
[scoring] INFO: Conformation 1794 done.
[scoring] INFO: Conformation 1795 done.
[scoring] INFO: Conformation 1796 done.
[scoring] INFO: Conformation 1797 done.
[scoring] INFO: Conformation 1798 done.
[scoring] INFO: Conformation 1799 done.
[scoring] INFO: Conformation 1800 done.
[scoring] INFO: Conformation 1801 done.
[scoring] INFO: Conformation 1802 done.
[scoring] INFO: Conformation 1803 done.
[scoring] INFO: Conformation 1804 done.
[scoring] INFO: Conformation 1805 done.
[scoring] INFO: Conformation 1806 done.
[scoring] INFO: Conformation 1807 done.
[scoring] INFO: Conformation 1808 done.
[scoring] INFO: Conformation 1809 done.
[scoring] INFO: Conformation 1810 done.
[scoring] INFO: Conformation 1811 done.
[scoring] INFO: Conformation 1812 done.
[scoring] INFO: Conformation 1813 done.
[scoring] INFO: Conformation 1814 done.
[scoring] INFO: Conformation 1815 done.
[scoring] INFO: Conformation 1816 done.
[scoring] INFO: Conformation 1817 done.
[scoring] INFO: Conformation 1818 done.
[scoring] INFO: Conformation 1819 done.
[scoring] INFO: Conformation 1820 done.
[scoring] INFO: Conformation 1821 done.
[scoring] INFO: Conformation 1822 done.
[scoring] INFO: Conformation 1823 done.
[scoring] INFO: Conformation 1824 done.
[scoring] INFO: Conformation 1825 done.
[scoring] INFO: Conformation 1826 done.
[scoring] INFO: Conformation 1827 done.
[scoring] INFO: Conformation 1828 done.
[scoring] INFO: Conformation 1829 done.
[scoring] INFO: Conformation 1830 done.
[scoring] INFO: Conformation 1831 done.
[scoring] INFO: Conformation 1832 done.
[scoring] INFO: Conformation 1833 done.
[scoring] INFO: Conformation 1834 done.
[scoring] INFO: Conformation 1835 done.
[scoring] INFO: Conformation 1836 done.
[scoring] INFO: Conformation 1837 done.
[scoring] INFO: Conformation 1838 done.
[scoring] INFO: Conformation 1839 done.
[scoring] INFO: Conformation 1840 done.
[scoring] INFO: Conformation 1841 done.
[scoring] INFO: Conformation 1842 done.
[scoring] INFO: Conformation 1843 done.
[scoring] INFO: Conformation 1844 done.
[scoring] INFO: Conformation 1845 done.
[scoring] INFO: Conformation 1846 done.
[scoring] INFO: Conformation 1847 done.
[scoring] INFO: Conformation 1848 done.
[scoring] INFO: Conformation 1849 done.
[scoring] INFO: Conformation 1850 done.
[scoring] INFO: Conformation 1851 done.
[scoring] INFO: Conformation 1852 done.
[scoring] INFO: Conformation 1853 done.
[scoring] INFO: Conformation 1854 done.
[scoring] INFO: Conformation 1855 done.
[scoring] INFO: Conformation 1856 done.
[scoring] INFO: Conformation 1857 done.
[scoring] INFO: Conformation 1858 done.
[scoring] INFO: Conformation 1859 done.
[scoring] INFO: Conformation 1860 done.
[scoring] INFO: Conformation 1861 done.
[scoring] INFO: Conformation 1862 done.
[scoring] INFO: Conformation 1863 done.
[scoring] INFO: Conformation 1864 done.
[scoring] INFO: Conformation 1865 done.
[scoring] INFO: Conformation 1866 done.
[scoring] INFO: Conformation 1867 done.
[scoring] INFO: Conformation 1868 done.
[scoring] INFO: Conformation 1869 done.
[scoring] INFO: Conformation 1870 done.
[scoring] INFO: Conformation 1871 done.
[scoring] INFO: Conformation 1872 done.
[scoring] INFO: Conformation 1873 done.
[scoring] INFO: Conformation 1874 done.
[scoring] INFO: Conformation 1875 done.
[scoring] INFO: Conformation 1876 done.
[scoring] INFO: Conformation 1877 done.
[scoring] INFO: Conformation 1878 done.
[scoring] INFO: Conformation 1879 done.
[scoring] INFO: Conformation 1880 done.
[scoring] INFO: Conformation 1881 done.
[scoring] INFO: Conformation 1882 done.
[scoring] INFO: Conformation 1883 done.
[scoring] INFO: Conformation 1884 done.
[scoring] INFO: Conformation 1885 done.
[scoring] INFO: Conformation 1886 done.
[scoring] INFO: Conformation 1887 done.
[scoring] INFO: Conformation 1888 done.
[scoring] INFO: Conformation 1889 done.
[scoring] INFO: Conformation 1890 done.
[scoring] INFO: Conformation 1891 done.
[scoring] INFO: Conformation 1892 done.
[scoring] INFO: Conformation 1893 done.
[scoring] INFO: Conformation 1894 done.
[scoring] INFO: Conformation 1895 done.
[scoring] INFO: Conformation 1896 done.
[scoring] INFO: Conformation 1897 done.
[scoring] INFO: Conformation 1898 done.
[scoring] INFO: Conformation 1899 done.
[scoring] INFO: Conformation 1900 done.
[scoring] INFO: Conformation 1901 done.
[scoring] INFO: Conformation 1902 done.
[scoring] INFO: Conformation 1903 done.
[scoring] INFO: Conformation 1904 done.
[scoring] INFO: Conformation 1905 done.
[scoring] INFO: Conformation 1906 done.
[scoring] INFO: Conformation 1907 done.
[scoring] INFO: Conformation 1908 done.
[scoring] INFO: Conformation 1909 done.
[scoring] INFO: Conformation 1910 done.
[scoring] INFO: Conformation 1911 done.
[scoring] INFO: Conformation 1912 done.
[scoring] INFO: Conformation 1913 done.
[scoring] INFO: Conformation 1914 done.
[scoring] INFO: Conformation 1915 done.
[scoring] INFO: Conformation 1916 done.
[scoring] INFO: Conformation 1917 done.
[scoring] INFO: Conformation 1918 done.
[scoring] INFO: Conformation 1919 done.
[scoring] INFO: Conformation 1920 done.
[scoring] INFO: Conformation 1921 done.
[scoring] INFO: Conformation 1922 done.
[scoring] INFO: Conformation 1923 done.
[scoring] INFO: Conformation 1924 done.
[scoring] INFO: Conformation 1925 done.
[scoring] INFO: Conformation 1926 done.
[scoring] INFO: Conformation 1927 done.
[scoring] INFO: Conformation 1928 done.
[scoring] INFO: Conformation 1929 done.
[scoring] INFO: Conformation 1930 done.
[scoring] INFO: Conformation 1931 done.
[scoring] INFO: Conformation 1932 done.
[scoring] INFO: Conformation 1933 done.
[scoring] INFO: Conformation 1934 done.
[scoring] INFO: Conformation 1935 done.
[scoring] INFO: Conformation 1936 done.
[scoring] INFO: Conformation 1937 done.
[scoring] INFO: Conformation 1938 done.
[scoring] INFO: Conformation 1939 done.
[scoring] INFO: Conformation 1940 done.
[scoring] INFO: Conformation 1941 done.
[scoring] INFO: Conformation 1942 done.
[scoring] INFO: Conformation 1943 done.
[scoring] INFO: Conformation 1944 done.
[scoring] INFO: Conformation 1945 done.
[scoring] INFO: Conformation 1946 done.
[scoring] INFO: Conformation 1947 done.
[scoring] INFO: Conformation 1948 done.
[scoring] INFO: Conformation 1949 done.
[scoring] INFO: Conformation 1950 done.
[scoring] INFO: Conformation 1951 done.
[scoring] INFO: Conformation 1952 done.
[scoring] INFO: Conformation 1953 done.
[scoring] INFO: Conformation 1954 done.
[scoring] INFO: Conformation 1955 done.
[scoring] INFO: Conformation 1956 done.
[scoring] INFO: Conformation 1957 done.
[scoring] INFO: Conformation 1958 done.
[scoring] INFO: Conformation 1959 done.
[scoring] INFO: Conformation 1960 done.
[scoring] INFO: Conformation 1961 done.
[scoring] INFO: Conformation 1962 done.
[scoring] INFO: Conformation 1963 done.
[scoring] INFO: Conformation 1964 done.
[scoring] INFO: Conformation 1965 done.
[scoring] INFO: Conformation 1966 done.
[scoring] INFO: Conformation 1967 done.
[scoring] INFO: Conformation 1968 done.
[scoring] INFO: Conformation 1969 done.
[scoring] INFO: Conformation 1970 done.
[scoring] INFO: Conformation 1971 done.
[scoring] INFO: Conformation 1972 done.
[scoring] INFO: Conformation 1973 done.
[scoring] INFO: Conformation 1974 done.
[scoring] INFO: Conformation 1975 done.
[scoring] INFO: Conformation 1976 done.
[scoring] INFO: Conformation 1977 done.
[scoring] INFO: Conformation 1978 done.
[scoring] INFO: Conformation 1979 done.
[scoring] INFO: Conformation 1980 done.
[scoring] INFO: Conformation 1981 done.
[scoring] INFO: Conformation 1982 done.
[scoring] INFO: Conformation 1983 done.
[scoring] INFO: Conformation 1984 done.
[scoring] INFO: Conformation 1985 done.
[scoring] INFO: Conformation 1986 done.
[scoring] INFO: Conformation 1987 done.
[scoring] INFO: Conformation 1988 done.
[scoring] INFO: Conformation 1989 done.
[scoring] INFO: Conformation 1990 done.
[scoring] INFO: Conformation 1991 done.
[scoring] INFO: Conformation 1992 done.
[scoring] INFO: Conformation 1993 done.
[scoring] INFO: Conformation 1994 done.
[scoring] INFO: Conformation 1995 done.
[scoring] INFO: Conformation 1996 done.
[scoring] INFO: Conformation 1997 done.
[scoring] INFO: Conformation 1998 done.
[scoring] INFO: Conformation 1999 done.
[scoring] INFO: Conformation 2000 done.
[scoring] INFO: Conformation 2001 done.
[scoring] INFO: Conformation 2002 done.
[scoring] INFO: Conformation 2003 done.
[scoring] INFO: Conformation 2004 done.
[scoring] INFO: Conformation 2005 done.
[scoring] INFO: Conformation 2006 done.
[scoring] INFO: Conformation 2007 done.
[scoring] INFO: Conformation 2008 done.
[scoring] INFO: Conformation 2009 done.
[scoring] INFO: Conformation 2010 done.
[scoring] INFO: Conformation 2011 done.
[scoring] INFO: Conformation 2012 done.
[scoring] INFO: Conformation 2013 done.
[scoring] INFO: Conformation 2014 done.
[scoring] INFO: Conformation 2015 done.
[scoring] INFO: Conformation 2016 done.
[scoring] INFO: Conformation 2017 done.
[scoring] INFO: Conformation 2018 done.
[scoring] INFO: Conformation 2019 done.
[scoring] INFO: Conformation 2020 done.
[scoring] INFO: Conformation 2021 done.
[scoring] INFO: Conformation 2022 done.
[scoring] INFO: Conformation 2023 done.
[scoring] INFO: Conformation 2024 done.
[scoring] INFO: Conformation 2025 done.
[scoring] INFO: Conformation 2026 done.
[scoring] INFO: Conformation 2027 done.
[scoring] INFO: Conformation 2028 done.
[scoring] INFO: Conformation 2029 done.
[scoring] INFO: Conformation 2030 done.
[scoring] INFO: Conformation 2031 done.
[scoring] INFO: Conformation 2032 done.
[scoring] INFO: Conformation 2033 done.
[scoring] INFO: Conformation 2034 done.
[scoring] INFO: Conformation 2035 done.
[scoring] INFO: Conformation 2036 done.
[scoring] INFO: Conformation 2037 done.
[scoring] INFO: Conformation 2038 done.
[scoring] INFO: Conformation 2039 done.
[scoring] INFO: Conformation 2040 done.
[scoring] INFO: Conformation 2041 done.
[scoring] INFO: Conformation 2042 done.
[scoring] INFO: Conformation 2043 done.
[scoring] INFO: Conformation 2044 done.
[scoring] INFO: Conformation 2045 done.
[scoring] INFO: Conformation 2046 done.
[scoring] INFO: Conformation 2047 done.
[scoring] INFO: Conformation 2048 done.
[scoring] INFO: Conformation 2049 done.
[scoring] INFO: Conformation 2050 done.
[scoring] INFO: Conformation 2051 done.
[scoring] INFO: Conformation 2052 done.
[scoring] INFO: Conformation 2053 done.
[scoring] INFO: Conformation 2054 done.
[scoring] INFO: Conformation 2055 done.
[scoring] INFO: Conformation 2056 done.
[scoring] INFO: Conformation 2057 done.
[scoring] INFO: Conformation 2058 done.
[scoring] INFO: Conformation 2059 done.
[scoring] INFO: Conformation 2060 done.
[scoring] INFO: Conformation 2061 done.
[scoring] INFO: Conformation 2062 done.
[scoring] INFO: Conformation 2063 done.
[scoring] INFO: Conformation 2064 done.
[scoring] INFO: Conformation 2065 done.
[scoring] INFO: Conformation 2066 done.
[scoring] INFO: Conformation 2067 done.
[scoring] INFO: Conformation 2068 done.
[scoring] INFO: Conformation 2069 done.
[scoring] INFO: Conformation 2070 done.
[scoring] INFO: Conformation 2071 done.
[scoring] INFO: Conformation 2072 done.
[scoring] INFO: Conformation 2073 done.
[scoring] INFO: Conformation 2074 done.
[scoring] INFO: Conformation 2075 done.
[scoring] INFO: Conformation 2076 done.
[scoring] INFO: Conformation 2077 done.
[scoring] INFO: Conformation 2078 done.
[scoring] INFO: Conformation 2079 done.
[scoring] INFO: Conformation 2080 done.
[scoring] INFO: Conformation 2081 done.
[scoring] INFO: Conformation 2082 done.
[scoring] INFO: Conformation 2083 done.
[scoring] INFO: Conformation 2084 done.
[scoring] INFO: Conformation 2085 done.
[scoring] INFO: Conformation 2086 done.
[scoring] INFO: Conformation 2087 done.
[scoring] INFO: Conformation 2088 done.
[scoring] INFO: Conformation 2089 done.
[scoring] INFO: Conformation 2090 done.
[scoring] INFO: Conformation 2091 done.
[scoring] INFO: Conformation 2092 done.
[scoring] INFO: Conformation 2093 done.
[scoring] INFO: Conformation 2094 done.
[scoring] INFO: Conformation 2095 done.
[scoring] INFO: Conformation 2096 done.
[scoring] INFO: Conformation 2097 done.
[scoring] INFO: Conformation 2098 done.
[scoring] INFO: Conformation 2099 done.
[scoring] INFO: Conformation 2100 done.
[scoring] INFO: Conformation 2101 done.
[scoring] INFO: Conformation 2102 done.
[scoring] INFO: Conformation 2103 done.
[scoring] INFO: Conformation 2104 done.
[scoring] INFO: Conformation 2105 done.
[scoring] INFO: Conformation 2106 done.
[scoring] INFO: Conformation 2107 done.
[scoring] INFO: Conformation 2108 done.
[scoring] INFO: Conformation 2109 done.
[scoring] INFO: Conformation 2110 done.
[scoring] INFO: Conformation 2111 done.
[scoring] INFO: Conformation 2112 done.
[scoring] INFO: Conformation 2113 done.
[scoring] INFO: Conformation 2114 done.
[scoring] INFO: Conformation 2115 done.
[scoring] INFO: Conformation 2116 done.
[scoring] INFO: Conformation 2117 done.
[scoring] INFO: Conformation 2118 done.
[scoring] INFO: Conformation 2119 done.
[scoring] INFO: Conformation 2120 done.
[scoring] INFO: Conformation 2121 done.
[scoring] INFO: Conformation 2122 done.
[scoring] INFO: Conformation 2123 done.
[scoring] INFO: Conformation 2124 done.
[scoring] INFO: Conformation 2125 done.
[scoring] INFO: Conformation 2126 done.
[scoring] INFO: Conformation 2127 done.
[scoring] INFO: Conformation 2128 done.
[scoring] INFO: Conformation 2129 done.
[scoring] INFO: Conformation 2130 done.
[scoring] INFO: Conformation 2131 done.
[scoring] INFO: Conformation 2132 done.
[scoring] INFO: Conformation 2133 done.
[scoring] INFO: Conformation 2134 done.
[scoring] INFO: Conformation 2135 done.
[scoring] INFO: Conformation 2136 done.
[scoring] INFO: Conformation 2137 done.
[scoring] INFO: Conformation 2138 done.
[scoring] INFO: Conformation 2139 done.
[scoring] INFO: Conformation 2140 done.
[scoring] INFO: Conformation 2141 done.
[scoring] INFO: Conformation 2142 done.
[scoring] INFO: Conformation 2143 done.
[scoring] INFO: Conformation 2144 done.
[scoring] INFO: Conformation 2145 done.
[scoring] INFO: Conformation 2146 done.
[scoring] INFO: Conformation 2147 done.
[scoring] INFO: Conformation 2148 done.
[scoring] INFO: Conformation 2149 done.
[scoring] INFO: Conformation 2150 done.
[scoring] INFO: Conformation 2151 done.
[scoring] INFO: Conformation 2152 done.
[scoring] INFO: Conformation 2153 done.
[scoring] INFO: Conformation 2154 done.
[scoring] INFO: Conformation 2155 done.
[scoring] INFO: Conformation 2156 done.
[scoring] INFO: Conformation 2157 done.
[scoring] INFO: Conformation 2158 done.
[scoring] INFO: Conformation 2159 done.
[scoring] INFO: Conformation 2160 done.
[scoring] INFO: Conformation 2161 done.
[scoring] INFO: Conformation 2162 done.
[scoring] INFO: Conformation 2163 done.
[scoring] INFO: Conformation 2164 done.
[scoring] INFO: Conformation 2165 done.
[scoring] INFO: Conformation 2166 done.
[scoring] INFO: Conformation 2167 done.
[scoring] INFO: Conformation 2168 done.
[scoring] INFO: Conformation 2169 done.
[scoring] INFO: Conformation 2170 done.
[scoring] INFO: Conformation 2171 done.
[scoring] INFO: Conformation 2172 done.
[scoring] INFO: Conformation 2173 done.
[scoring] INFO: Conformation 2174 done.
[scoring] INFO: Conformation 2175 done.
[scoring] INFO: Conformation 2176 done.
[scoring] INFO: Conformation 2177 done.
[scoring] INFO: Conformation 2178 done.
[scoring] INFO: Conformation 2179 done.
[scoring] INFO: Conformation 2180 done.
[scoring] INFO: Conformation 2181 done.
[scoring] INFO: Conformation 2182 done.
[scoring] INFO: Conformation 2183 done.
[scoring] INFO: Conformation 2184 done.
[scoring] INFO: Conformation 2185 done.
[scoring] INFO: Conformation 2186 done.
[scoring] INFO: Conformation 2187 done.
[scoring] INFO: Conformation 2188 done.
[scoring] INFO: Conformation 2189 done.
[scoring] INFO: Conformation 2190 done.
[scoring] INFO: Conformation 2191 done.
[scoring] INFO: Conformation 2192 done.
[scoring] INFO: Conformation 2193 done.
[scoring] INFO: Conformation 2194 done.
[scoring] INFO: Conformation 2195 done.
[scoring] INFO: Conformation 2196 done.
[scoring] INFO: Conformation 2197 done.
[scoring] INFO: Conformation 2198 done.
[scoring] INFO: Conformation 2199 done.
[scoring] INFO: Conformation 2200 done.
[scoring] INFO: Conformation 2201 done.
[scoring] INFO: Conformation 2202 done.
[scoring] INFO: Conformation 2203 done.
[scoring] INFO: Conformation 2204 done.
[scoring] INFO: Conformation 2205 done.
[scoring] INFO: Conformation 2206 done.
[scoring] INFO: Conformation 2207 done.
[scoring] INFO: Conformation 2208 done.
[scoring] INFO: Conformation 2209 done.
[scoring] INFO: Conformation 2210 done.
[scoring] INFO: Conformation 2211 done.
[scoring] INFO: Conformation 2212 done.
[scoring] INFO: Conformation 2213 done.
[scoring] INFO: Conformation 2214 done.
[scoring] INFO: Conformation 2215 done.
[scoring] INFO: Conformation 2216 done.
[scoring] INFO: Conformation 2217 done.
[scoring] INFO: Conformation 2218 done.
[scoring] INFO: Conformation 2219 done.
[scoring] INFO: Conformation 2220 done.
[scoring] INFO: Conformation 2221 done.
[scoring] INFO: Conformation 2222 done.
[scoring] INFO: Conformation 2223 done.
[scoring] INFO: Conformation 2224 done.
[scoring] INFO: Conformation 2225 done.
[scoring] INFO: Conformation 2226 done.
[scoring] INFO: Conformation 2227 done.
[scoring] INFO: Conformation 2228 done.
[scoring] INFO: Conformation 2229 done.
[scoring] INFO: Conformation 2230 done.
[scoring] INFO: Conformation 2231 done.
[scoring] INFO: Conformation 2232 done.
[scoring] INFO: Conformation 2233 done.
[scoring] INFO: Conformation 2234 done.
[scoring] INFO: Conformation 2235 done.
[scoring] INFO: Conformation 2236 done.
[scoring] INFO: Conformation 2237 done.
[scoring] INFO: Conformation 2238 done.
[scoring] INFO: Conformation 2239 done.
[scoring] INFO: Conformation 2240 done.
[scoring] INFO: Conformation 2241 done.
[scoring] INFO: Conformation 2242 done.
[scoring] INFO: Conformation 2243 done.
[scoring] INFO: Conformation 2244 done.
[scoring] INFO: Conformation 2245 done.
[scoring] INFO: Conformation 2246 done.
[scoring] INFO: Conformation 2247 done.
[scoring] INFO: Conformation 2248 done.
[scoring] INFO: Conformation 2249 done.
[scoring] INFO: Conformation 2250 done.
[scoring] INFO: Conformation 2251 done.
[scoring] INFO: Conformation 2252 done.
[scoring] INFO: Conformation 2253 done.
[scoring] INFO: Conformation 2254 done.
[scoring] INFO: Conformation 2255 done.
[scoring] INFO: Conformation 2256 done.
[scoring] INFO: Conformation 2257 done.
[scoring] INFO: Conformation 2258 done.
[scoring] INFO: Conformation 2259 done.
[scoring] INFO: Conformation 2260 done.
[scoring] INFO: Conformation 2261 done.
[scoring] INFO: Conformation 2262 done.
[scoring] INFO: Conformation 2263 done.
[scoring] INFO: Conformation 2264 done.
[scoring] INFO: Conformation 2265 done.
[scoring] INFO: Conformation 2266 done.
[scoring] INFO: Conformation 2267 done.
[scoring] INFO: Conformation 2268 done.
[scoring] INFO: Conformation 2269 done.
[scoring] INFO: Conformation 2270 done.
[scoring] INFO: Conformation 2271 done.
[scoring] INFO: Conformation 2272 done.
[scoring] INFO: Conformation 2273 done.
[scoring] INFO: Conformation 2274 done.
[scoring] INFO: Conformation 2275 done.
[scoring] INFO: Conformation 2276 done.
[scoring] INFO: Conformation 2277 done.
[scoring] INFO: Conformation 2278 done.
[scoring] INFO: Conformation 2279 done.
[scoring] INFO: Conformation 2280 done.
[scoring] INFO: Conformation 2281 done.
[scoring] INFO: Conformation 2282 done.
[scoring] INFO: Conformation 2283 done.
[scoring] INFO: Conformation 2284 done.
[scoring] INFO: Conformation 2285 done.
[scoring] INFO: Conformation 2286 done.
[scoring] INFO: Conformation 2287 done.
[scoring] INFO: Conformation 2288 done.
[scoring] INFO: Conformation 2289 done.
[scoring] INFO: Conformation 2290 done.
[scoring] INFO: Conformation 2291 done.
[scoring] INFO: Conformation 2292 done.
[scoring] INFO: Conformation 2293 done.
[scoring] INFO: Conformation 2294 done.
[scoring] INFO: Conformation 2295 done.
[scoring] INFO: Conformation 2296 done.
[scoring] INFO: Conformation 2297 done.
[scoring] INFO: Conformation 2298 done.
[scoring] INFO: Conformation 2299 done.
[scoring] INFO: Conformation 2300 done.
[scoring] INFO: Conformation 2301 done.
[scoring] INFO: Conformation 2302 done.
[scoring] INFO: Conformation 2303 done.
[scoring] INFO: Conformation 2304 done.
[scoring] INFO: Conformation 2305 done.
[scoring] INFO: Conformation 2306 done.
[scoring] INFO: Conformation 2307 done.
[scoring] INFO: Conformation 2308 done.
[scoring] INFO: Conformation 2309 done.
[scoring] INFO: Conformation 2310 done.
[scoring] INFO: Conformation 2311 done.
[scoring] INFO: Conformation 2312 done.
[scoring] INFO: Conformation 2313 done.
[scoring] INFO: Conformation 2314 done.
[scoring] INFO: Conformation 2315 done.
[scoring] INFO: Conformation 2316 done.
[scoring] INFO: Conformation 2317 done.
[scoring] INFO: Conformation 2318 done.
[scoring] INFO: Conformation 2319 done.
[scoring] INFO: Conformation 2320 done.
[scoring] INFO: Conformation 2321 done.
[scoring] INFO: Conformation 2322 done.
[scoring] INFO: Conformation 2323 done.
[scoring] INFO: Conformation 2324 done.
[scoring] INFO: Conformation 2325 done.
[scoring] INFO: Conformation 2326 done.
[scoring] INFO: Conformation 2327 done.
[scoring] INFO: Conformation 2328 done.
[scoring] INFO: Conformation 2329 done.
[scoring] INFO: Conformation 2330 done.
[scoring] INFO: Conformation 2331 done.
[scoring] INFO: Conformation 2332 done.
[scoring] INFO: Conformation 2333 done.
[scoring] INFO: Conformation 2334 done.
[scoring] INFO: Conformation 2335 done.
[scoring] INFO: Conformation 2336 done.
[scoring] INFO: Conformation 2337 done.
[scoring] INFO: Conformation 2338 done.
[scoring] INFO: Conformation 2339 done.
[scoring] INFO: Conformation 2340 done.
[scoring] INFO: Conformation 2341 done.
[scoring] INFO: Conformation 2342 done.
[scoring] INFO: Conformation 2343 done.
[scoring] INFO: Conformation 2344 done.
[scoring] INFO: Conformation 2345 done.
[scoring] INFO: Conformation 2346 done.
[scoring] INFO: Conformation 2347 done.
[scoring] INFO: Conformation 2348 done.
[scoring] INFO: Conformation 2349 done.
[scoring] INFO: Conformation 2350 done.
[scoring] INFO: Conformation 2351 done.
[scoring] INFO: Conformation 2352 done.
[scoring] INFO: Conformation 2353 done.
[scoring] INFO: Conformation 2354 done.
[scoring] INFO: Conformation 2355 done.
[scoring] INFO: Conformation 2356 done.
[scoring] INFO: Conformation 2357 done.
[scoring] INFO: Conformation 2358 done.
[scoring] INFO: Conformation 2359 done.
[scoring] INFO: Conformation 2360 done.
[scoring] INFO: Conformation 2361 done.
[scoring] INFO: Conformation 2362 done.
[scoring] INFO: Conformation 2363 done.
[scoring] INFO: Conformation 2364 done.
[scoring] INFO: Conformation 2365 done.
[scoring] INFO: Conformation 2366 done.
[scoring] INFO: Conformation 2367 done.
[scoring] INFO: Conformation 2368 done.
[scoring] INFO: Conformation 2369 done.
[scoring] INFO: Conformation 2370 done.
[scoring] INFO: Conformation 2371 done.
[scoring] INFO: Conformation 2372 done.
[scoring] INFO: Conformation 2373 done.
[scoring] INFO: Conformation 2374 done.
[scoring] INFO: Conformation 2375 done.
[scoring] INFO: Conformation 2376 done.
[scoring] INFO: Conformation 2377 done.
[scoring] INFO: Conformation 2378 done.
[scoring] INFO: Conformation 2379 done.
[scoring] INFO: Conformation 2380 done.
[scoring] INFO: Conformation 2381 done.
[scoring] INFO: Conformation 2382 done.
[scoring] INFO: Conformation 2383 done.
[scoring] INFO: Conformation 2384 done.
[scoring] INFO: Conformation 2385 done.
[scoring] INFO: Conformation 2386 done.
[scoring] INFO: Conformation 2387 done.
[scoring] INFO: Conformation 2388 done.
[scoring] INFO: Conformation 2389 done.
[scoring] INFO: Conformation 2390 done.
[scoring] INFO: Conformation 2391 done.
[scoring] INFO: Conformation 2392 done.
[scoring] INFO: Conformation 2393 done.
[scoring] INFO: Conformation 2394 done.
[scoring] INFO: Conformation 2395 done.
[scoring] INFO: Conformation 2396 done.
[scoring] INFO: Conformation 2397 done.
[scoring] INFO: Conformation 2398 done.
[scoring] INFO: Conformation 2399 done.
[scoring] INFO: Conformation 2400 done.
[scoring] INFO: Conformation 2401 done.
[scoring] INFO: Conformation 2402 done.
[scoring] INFO: Conformation 2403 done.
[scoring] INFO: Conformation 2404 done.
[scoring] INFO: Conformation 2405 done.
[scoring] INFO: Conformation 2406 done.
[scoring] INFO: Conformation 2407 done.
[scoring] INFO: Conformation 2408 done.
[scoring] INFO: Conformation 2409 done.
[scoring] INFO: Conformation 2410 done.
[scoring] INFO: Conformation 2411 done.
[scoring] INFO: Conformation 2412 done.
[scoring] INFO: Conformation 2413 done.
[scoring] INFO: Conformation 2414 done.
[scoring] INFO: Conformation 2415 done.
[scoring] INFO: Conformation 2416 done.
[scoring] INFO: Conformation 2417 done.
[scoring] INFO: Conformation 2418 done.
[scoring] INFO: Conformation 2419 done.
[scoring] INFO: Conformation 2420 done.
[scoring] INFO: Conformation 2421 done.
[scoring] INFO: Conformation 2422 done.
[scoring] INFO: Conformation 2423 done.
[scoring] INFO: Conformation 2424 done.
[scoring] INFO: Conformation 2425 done.
[scoring] INFO: Conformation 2426 done.
[scoring] INFO: Conformation 2427 done.
[scoring] INFO: Conformation 2428 done.
[scoring] INFO: Conformation 2429 done.
[scoring] INFO: Conformation 2430 done.
[scoring] INFO: Conformation 2431 done.
[scoring] INFO: Conformation 2432 done.
[scoring] INFO: Conformation 2433 done.
[scoring] INFO: Conformation 2434 done.
[scoring] INFO: Conformation 2435 done.
[scoring] INFO: Conformation 2436 done.
[scoring] INFO: Conformation 2437 done.
[scoring] INFO: Conformation 2438 done.
[scoring] INFO: Conformation 2439 done.
[scoring] INFO: Conformation 2440 done.
[scoring] INFO: Conformation 2441 done.
[scoring] INFO: Conformation 2442 done.
[scoring] INFO: Conformation 2443 done.
[scoring] INFO: Conformation 2444 done.
[scoring] INFO: Conformation 2445 done.
[scoring] INFO: Conformation 2446 done.
[scoring] INFO: Conformation 2447 done.
[scoring] INFO: Conformation 2448 done.
[scoring] INFO: Conformation 2449 done.
[scoring] INFO: Conformation 2450 done.
[scoring] INFO: Conformation 2451 done.
[scoring] INFO: Conformation 2452 done.
[scoring] INFO: Conformation 2453 done.
[scoring] INFO: Conformation 2454 done.
[scoring] INFO: Conformation 2455 done.
[scoring] INFO: Conformation 2456 done.
[scoring] INFO: Conformation 2457 done.
[scoring] INFO: Conformation 2458 done.
[scoring] INFO: Conformation 2459 done.
[scoring] INFO: Conformation 2460 done.
[scoring] INFO: Conformation 2461 done.
[scoring] INFO: Conformation 2462 done.
[scoring] INFO: Conformation 2463 done.
[scoring] INFO: Conformation 2464 done.
[scoring] INFO: Conformation 2465 done.
[scoring] INFO: Conformation 2466 done.
[scoring] INFO: Conformation 2467 done.
[scoring] INFO: Conformation 2468 done.
[scoring] INFO: Conformation 2469 done.
[scoring] INFO: Conformation 2470 done.
[scoring] INFO: Conformation 2471 done.
[scoring] INFO: Conformation 2472 done.
[scoring] INFO: Conformation 2473 done.
[scoring] INFO: Conformation 2474 done.
[scoring] INFO: Conformation 2475 done.
[scoring] INFO: Conformation 2476 done.
[scoring] INFO: Conformation 2477 done.
[scoring] INFO: Conformation 2478 done.
[scoring] INFO: Conformation 2479 done.
[scoring] INFO: Conformation 2480 done.
[scoring] INFO: Conformation 2481 done.
[scoring] INFO: Conformation 2482 done.
[scoring] INFO: Conformation 2483 done.
[scoring] INFO: Conformation 2484 done.
[scoring] INFO: Conformation 2485 done.
[scoring] INFO: Conformation 2486 done.
[scoring] INFO: Conformation 2487 done.
[scoring] INFO: Conformation 2488 done.
[scoring] INFO: Conformation 2489 done.
[scoring] INFO: Conformation 2490 done.
[scoring] INFO: Conformation 2491 done.
[scoring] INFO: Conformation 2492 done.
[scoring] INFO: Conformation 2493 done.
[scoring] INFO: Conformation 2494 done.
[scoring] INFO: Conformation 2495 done.
[scoring] INFO: Conformation 2496 done.
[scoring] INFO: Conformation 2497 done.
[scoring] INFO: Conformation 2498 done.
[scoring] INFO: Conformation 2499 done.
[scoring] INFO: Conformation 2500 done.
[scoring] INFO: Creating Table
[scoring] INFO: Done.
[pyDock3] INFO: pyDock FINISHED!
